This file contains any messages produced by compilers while
running configure, to aid debugging if configure makes a mistake.

It was created by taskserver configure 1.0, which was
generated by GNU Autoconf 2.67.  Invocation command line was

  $ ./configure 

## --------- ##
## Platform. ##
## --------- ##

hostname = ubuntu
uname -m = x86_64
uname -r = 2.6.38-8-generic
uname -s = Linux
uname -v = #42-Ubuntu SMP Mon Apr 11 03:31:24 UTC 2011

/usr/bin/uname -p = unknown
/bin/uname -X     = unknown

/bin/arch              = unknown
/usr/bin/arch -k       = unknown
/usr/convex/getsysinfo = unknown
/usr/bin/hostinfo      = unknown
/bin/machine           = unknown
/usr/bin/oslevel       = unknown
/bin/universe          = unknown

PATH: /usr/local/sbin
PATH: /usr/local/bin
PATH: /usr/sbin
PATH: /usr/bin
PATH: /sbin
PATH: /bin
PATH: /usr/games


## ----------- ##
## Core tests. ##
## ----------- ##

configure:2219: checking for a BSD-compatible install
configure:2287: result: /usr/bin/install -c
configure:2298: checking whether build environment is sane
configure:2348: result: yes
configure:2489: checking for a thread-safe mkdir -p
configure:2528: result: /bin/mkdir -p
configure:2541: checking for gawk
configure:2571: result: no
configure:2541: checking for mawk
configure:2557: found /usr/bin/mawk
configure:2568: result: mawk
configure:2579: checking whether make sets $(MAKE)
configure:2601: result: yes
configure:2730: checking for gcc
configure:2746: found /usr/bin/gcc
configure:2757: result: gcc
configure:2986: checking for C compiler version
configure:2995: gcc --version >&5
gcc (Ubuntu/Linaro 4.5.2-8ubuntu4) 4.5.2
Copyright (C) 2010 Free Software Foundation, Inc.
This is free software; see the source for copying conditions.  There is NO
warranty; not even for MERCHANTABILITY or FITNESS FOR A PARTICULAR PURPOSE.

configure:3006: $? = 0
configure:2995: gcc -v >&5
Using built-in specs.
COLLECT_GCC=gcc
COLLECT_LTO_WRAPPER=/usr/lib/x86_64-linux-gnu/gcc/x86_64-linux-gnu/4.5.2/lto-wrapper
Target: x86_64-linux-gnu
Configured with: ../src/configure -v --with-pkgversion='Ubuntu/Linaro 4.5.2-8ubuntu4' --with-bugurl=file:///usr/share/doc/gcc-4.5/README.Bugs --enable-languages=c,c++,fortran,objc,obj-c++ --prefix=/usr --program-suffix=-4.5 --enable-shared --enable-multiarch --with-multiarch-defaults=x86_64-linux-gnu --enable-linker-build-id --with-system-zlib --libexecdir=/usr/lib/x86_64-linux-gnu --without-included-gettext --enable-threads=posix --with-gxx-include-dir=/usr/include/c++/4.5 --libdir=/usr/lib/x86_64-linux-gnu --enable-nls --with-sysroot=/ --enable-clocale=gnu --enable-libstdcxx-debug --enable-libstdcxx-time=yes --enable-plugin --enable-gold --enable-ld=default --with-plugin-ld=ld.gold --enable-objc-gc --disable-werror --with-arch-32=i686 --with-tune=generic --enable-checking=release --build=x86_64-linux-gnu --host=x86_64-linux-gnu --target=x86_64-linux-gnu
Thread model: posix
gcc version 4.5.2 (Ubuntu/Linaro 4.5.2-8ubuntu4) 
configure:3006: $? = 0
configure:2995: gcc -V >&5
gcc: '-V' option must have argument
configure:3006: $? = 1
configure:2995: gcc -qversion >&5
gcc: unrecognized option '-qversion'
gcc: no input files
configure:3006: $? = 1
configure:3026: checking whether the C compiler works
configure:3048: gcc    conftest.c  >&5
configure:3052: $? = 0
configure:3100: result: yes
configure:3103: checking for C compiler default output file name
configure:3105: result: a.out
configure:3111: checking for suffix of executables
configure:3118: gcc -o conftest    conftest.c  >&5
configure:3122: $? = 0
configure:3144: result: 
configure:3166: checking whether we are cross compiling
configure:3174: gcc -o conftest    conftest.c  >&5
configure:3178: $? = 0
configure:3185: ./conftest
configure:3189: $? = 0
configure:3204: result: no
configure:3209: checking for suffix of object files
configure:3231: gcc -c   conftest.c >&5
configure:3235: $? = 0
configure:3256: result: o
configure:3260: checking whether we are using the GNU C compiler
configure:3279: gcc -c   conftest.c >&5
configure:3279: $? = 0
configure:3288: result: yes
configure:3297: checking whether gcc accepts -g
configure:3317: gcc -c -g  conftest.c >&5
configure:3317: $? = 0
configure:3358: result: yes
configure:3375: checking for gcc option to accept ISO C89
configure:3439: gcc  -c -g -O2  conftest.c >&5
configure:3439: $? = 0
configure:3452: result: none needed
configure:3483: checking for style of include used by make
configure:3511: result: GNU
configure:3536: checking dependency style of gcc
configure:3646: result: gcc3
configure:3665: checking for pthread_rwlock_init in -lpthread
configure:3690: gcc -o conftest -g -O2   conftest.c -lpthread mysqlclient  >&5
gcc: mysqlclient: No such file or directory
configure:3690: $? = 1
configure: failed program was:
| /* confdefs.h */
| #define PACKAGE_NAME "taskserver"
| #define PACKAGE_TARNAME "taskserver"
| #define PACKAGE_VERSION "1.0"
| #define PACKAGE_STRING "taskserver 1.0"
| #define PACKAGE_BUGREPORT "raink.kid@gmail.com"
| #define PACKAGE_URL ""
| #define PACKAGE "taskserver"
| #define VERSION "1.0"
| /* end confdefs.h.  */
| 
| /* Override any GCC internal prototype to avoid an error.
|    Use char because int might match the return type of a GCC
|    builtin and then its argument prototype would still apply.  */
| #ifdef __cplusplus
| extern "C"
| #endif
| char pthread_rwlock_init ();
| int
| main ()
| {
| return pthread_rwlock_init ();
|   ;
|   return 0;
| }
configure:3699: result: no
configure:3713: checking how to run the C preprocessor
configure:3744: gcc -E  conftest.c
configure:3744: $? = 0
configure:3758: gcc -E  conftest.c
conftest.c:11:28: fatal error: ac_nonexistent.h: No such file or directory
compilation terminated.
configure:3758: $? = 1
configure: failed program was:
| /* confdefs.h */
| #define PACKAGE_NAME "taskserver"
| #define PACKAGE_TARNAME "taskserver"
| #define PACKAGE_VERSION "1.0"
| #define PACKAGE_STRING "taskserver 1.0"
| #define PACKAGE_BUGREPORT "raink.kid@gmail.com"
| #define PACKAGE_URL ""
| #define PACKAGE "taskserver"
| #define VERSION "1.0"
| /* end confdefs.h.  */
| #include <ac_nonexistent.h>
configure:3783: result: gcc -E
configure:3803: gcc -E  conftest.c
configure:3803: $? = 0
configure:3817: gcc -E  conftest.c
conftest.c:11:28: fatal error: ac_nonexistent.h: No such file or directory
compilation terminated.
configure:3817: $? = 1
configure: failed program was:
| /* confdefs.h */
| #define PACKAGE_NAME "taskserver"
| #define PACKAGE_TARNAME "taskserver"
| #define PACKAGE_VERSION "1.0"
| #define PACKAGE_STRING "taskserver 1.0"
| #define PACKAGE_BUGREPORT "raink.kid@gmail.com"
| #define PACKAGE_URL ""
| #define PACKAGE "taskserver"
| #define VERSION "1.0"
| /* end confdefs.h.  */
| #include <ac_nonexistent.h>
configure:3846: checking for grep that handles long lines and -e
configure:3904: result: /bin/grep
configure:3909: checking for egrep
configure:3971: result: /bin/grep -E
configure:3976: checking for ANSI C header files
configure:3996: gcc -c -g -O2  conftest.c >&5
configure:3996: $? = 0
configure:4069: gcc -o conftest -g -O2   conftest.c  >&5
configure:4069: $? = 0
configure:4069: ./conftest
configure:4069: $? = 0
configure:4080: result: yes
configure:4093: checking for sys/types.h
configure:4093: gcc -c -g -O2  conftest.c >&5
configure:4093: $? = 0
configure:4093: result: yes
configure:4093: checking for sys/stat.h
configure:4093: gcc -c -g -O2  conftest.c >&5
configure:4093: $? = 0
configure:4093: result: yes
configure:4093: checking for stdlib.h
configure:4093: gcc -c -g -O2  conftest.c >&5
configure:4093: $? = 0
configure:4093: result: yes
configure:4093: checking for string.h
configure:4093: gcc -c -g -O2  conftest.c >&5
configure:4093: $? = 0
configure:4093: result: yes
configure:4093: checking for memory.h
configure:4093: gcc -c -g -O2  conftest.c >&5
configure:4093: $? = 0
configure:4093: result: yes
configure:4093: checking for strings.h
configure:4093: gcc -c -g -O2  conftest.c >&5
configure:4093: $? = 0
configure:4093: result: yes
configure:4093: checking for inttypes.h
configure:4093: gcc -c -g -O2  conftest.c >&5
configure:4093: $? = 0
configure:4093: result: yes
configure:4093: checking for stdint.h
configure:4093: gcc -c -g -O2  conftest.c >&5
configure:4093: $? = 0
configure:4093: result: yes
configure:4093: checking for unistd.h
configure:4093: gcc -c -g -O2  conftest.c >&5
configure:4093: $? = 0
configure:4093: result: yes
configure:4108: checking arpa/inet.h usability
configure:4108: gcc -c -g -O2  conftest.c >&5
configure:4108: $? = 0
configure:4108: result: yes
configure:4108: checking arpa/inet.h presence
configure:4108: gcc -E  conftest.c
configure:4108: $? = 0
configure:4108: result: yes
configure:4108: checking for arpa/inet.h
configure:4108: result: yes
configure:4108: checking fcntl.h usability
configure:4108: gcc -c -g -O2  conftest.c >&5
configure:4108: $? = 0
configure:4108: result: yes
configure:4108: checking fcntl.h presence
configure:4108: gcc -E  conftest.c
configure:4108: $? = 0
configure:4108: result: yes
configure:4108: checking for fcntl.h
configure:4108: result: yes
configure:4108: checking malloc.h usability
configure:4108: gcc -c -g -O2  conftest.c >&5
configure:4108: $? = 0
configure:4108: result: yes
configure:4108: checking malloc.h presence
configure:4108: gcc -E  conftest.c
configure:4108: $? = 0
configure:4108: result: yes
configure:4108: checking for malloc.h
configure:4108: result: yes
configure:4108: checking netdb.h usability
configure:4108: gcc -c -g -O2  conftest.c >&5
configure:4108: $? = 0
configure:4108: result: yes
configure:4108: checking netdb.h presence
configure:4108: gcc -E  conftest.c
configure:4108: $? = 0
configure:4108: result: yes
configure:4108: checking for netdb.h
configure:4108: result: yes
configure:4108: checking netinet/in.h usability
configure:4108: gcc -c -g -O2  conftest.c >&5
configure:4108: $? = 0
configure:4108: result: yes
configure:4108: checking netinet/in.h presence
configure:4108: gcc -E  conftest.c
configure:4108: $? = 0
configure:4108: result: yes
configure:4108: checking for netinet/in.h
configure:4108: result: yes
configure:4108: checking for stdlib.h
configure:4108: result: yes
configure:4108: checking for string.h
configure:4108: result: yes
configure:4108: checking sys/param.h usability
configure:4108: gcc -c -g -O2  conftest.c >&5
configure:4108: $? = 0
configure:4108: result: yes
configure:4108: checking sys/param.h presence
configure:4108: gcc -E  conftest.c
configure:4108: $? = 0
configure:4108: result: yes
configure:4108: checking for sys/param.h
configure:4108: result: yes
configure:4108: checking sys/socket.h usability
configure:4108: gcc -c -g -O2  conftest.c >&5
configure:4108: $? = 0
configure:4108: result: yes
configure:4108: checking sys/socket.h presence
configure:4108: gcc -E  conftest.c
configure:4108: $? = 0
configure:4108: result: yes
configure:4108: checking for sys/socket.h
configure:4108: result: yes
configure:4108: checking for unistd.h
configure:4108: result: yes
configure:4108: checking curl/curl.h usability
configure:4108: gcc -c -g -O2  conftest.c >&5
configure:4108: $? = 0
configure:4108: result: yes
configure:4108: checking curl/curl.h presence
configure:4108: gcc -E  conftest.c
configure:4108: $? = 0
configure:4108: result: yes
configure:4108: checking for curl/curl.h
configure:4108: result: yes
configure:4108: checking mysql/mysql.h usability
configure:4108: gcc -c -g -O2  conftest.c >&5
configure:4108: $? = 0
configure:4108: result: yes
configure:4108: checking mysql/mysql.h presence
configure:4108: gcc -E  conftest.c
configure:4108: $? = 0
configure:4108: result: yes
configure:4108: checking for mysql/mysql.h
configure:4108: result: yes
configure:4133: checking for stdbool.h that conforms to C99
configure:4218: gcc -c -g -O2  conftest.c >&5
configure:4218: $? = 0
configure:4225: result: yes
configure:4227: checking for _Bool
configure:4227: gcc -c -g -O2  conftest.c >&5
configure:4227: $? = 0
configure:4227: gcc -c -g -O2  conftest.c >&5
conftest.c: In function 'main':
conftest.c:69:20: error: expected expression before ')' token
configure:4227: $? = 1
configure: failed program was:
| /* confdefs.h */
| #define PACKAGE_NAME "taskserver"
| #define PACKAGE_TARNAME "taskserver"
| #define PACKAGE_VERSION "1.0"
| #define PACKAGE_STRING "taskserver 1.0"
| #define PACKAGE_BUGREPORT "raink.kid@gmail.com"
| #define PACKAGE_URL ""
| #define PACKAGE "taskserver"
| #define VERSION "1.0"
| #define STDC_HEADERS 1
| #define HAVE_SYS_TYPES_H 1
| #define HAVE_SYS_STAT_H 1
| #define HAVE_STDLIB_H 1
| #define HAVE_STRING_H 1
| #define HAVE_MEMORY_H 1
| #define HAVE_STRINGS_H 1
| #define HAVE_INTTYPES_H 1
| #define HAVE_STDINT_H 1
| #define HAVE_UNISTD_H 1
| #define HAVE_ARPA_INET_H 1
| #define HAVE_FCNTL_H 1
| #define HAVE_MALLOC_H 1
| #define HAVE_NETDB_H 1
| #define HAVE_NETINET_IN_H 1
| #define HAVE_STDLIB_H 1
| #define HAVE_STRING_H 1
| #define HAVE_SYS_PARAM_H 1
| #define HAVE_SYS_SOCKET_H 1
| #define HAVE_UNISTD_H 1
| #define HAVE_CURL_CURL_H 1
| #define HAVE_MYSQL_MYSQL_H 1
| /* end confdefs.h.  */
| #include <stdio.h>
| #ifdef HAVE_SYS_TYPES_H
| # include <sys/types.h>
| #endif
| #ifdef HAVE_SYS_STAT_H
| # include <sys/stat.h>
| #endif
| #ifdef STDC_HEADERS
| # include <stdlib.h>
| # include <stddef.h>
| #else
| # ifdef HAVE_STDLIB_H
| #  include <stdlib.h>
| # endif
| #endif
| #ifdef HAVE_STRING_H
| # if !defined STDC_HEADERS && defined HAVE_MEMORY_H
| #  include <memory.h>
| # endif
| # include <string.h>
| #endif
| #ifdef HAVE_STRINGS_H
| # include <strings.h>
| #endif
| #ifdef HAVE_INTTYPES_H
| # include <inttypes.h>
| #endif
| #ifdef HAVE_STDINT_H
| # include <stdint.h>
| #endif
| #ifdef HAVE_UNISTD_H
| # include <unistd.h>
| #endif
| int
| main ()
| {
| if (sizeof ((_Bool)))
| 	    return 0;
|   ;
|   return 0;
| }
configure:4227: result: yes
configure:4243: checking for pid_t
configure:4243: gcc -c -g -O2  conftest.c >&5
configure:4243: $? = 0
configure:4243: gcc -c -g -O2  conftest.c >&5
conftest.c: In function 'main':
conftest.c:71:20: error: expected expression before ')' token
configure:4243: $? = 1
configure: failed program was:
| /* confdefs.h */
| #define PACKAGE_NAME "taskserver"
| #define PACKAGE_TARNAME "taskserver"
| #define PACKAGE_VERSION "1.0"
| #define PACKAGE_STRING "taskserver 1.0"
| #define PACKAGE_BUGREPORT "raink.kid@gmail.com"
| #define PACKAGE_URL ""
| #define PACKAGE "taskserver"
| #define VERSION "1.0"
| #define STDC_HEADERS 1
| #define HAVE_SYS_TYPES_H 1
| #define HAVE_SYS_STAT_H 1
| #define HAVE_STDLIB_H 1
| #define HAVE_STRING_H 1
| #define HAVE_MEMORY_H 1
| #define HAVE_STRINGS_H 1
| #define HAVE_INTTYPES_H 1
| #define HAVE_STDINT_H 1
| #define HAVE_UNISTD_H 1
| #define HAVE_ARPA_INET_H 1
| #define HAVE_FCNTL_H 1
| #define HAVE_MALLOC_H 1
| #define HAVE_NETDB_H 1
| #define HAVE_NETINET_IN_H 1
| #define HAVE_STDLIB_H 1
| #define HAVE_STRING_H 1
| #define HAVE_SYS_PARAM_H 1
| #define HAVE_SYS_SOCKET_H 1
| #define HAVE_UNISTD_H 1
| #define HAVE_CURL_CURL_H 1
| #define HAVE_MYSQL_MYSQL_H 1
| #define HAVE__BOOL 1
| #define HAVE_STDBOOL_H 1
| /* end confdefs.h.  */
| #include <stdio.h>
| #ifdef HAVE_SYS_TYPES_H
| # include <sys/types.h>
| #endif
| #ifdef HAVE_SYS_STAT_H
| # include <sys/stat.h>
| #endif
| #ifdef STDC_HEADERS
| # include <stdlib.h>
| # include <stddef.h>
| #else
| # ifdef HAVE_STDLIB_H
| #  include <stdlib.h>
| # endif
| #endif
| #ifdef HAVE_STRING_H
| # if !defined STDC_HEADERS && defined HAVE_MEMORY_H
| #  include <memory.h>
| # endif
| # include <string.h>
| #endif
| #ifdef HAVE_STRINGS_H
| # include <strings.h>
| #endif
| #ifdef HAVE_INTTYPES_H
| # include <inttypes.h>
| #endif
| #ifdef HAVE_STDINT_H
| # include <stdint.h>
| #endif
| #ifdef HAVE_UNISTD_H
| # include <unistd.h>
| #endif
| int
| main ()
| {
| if (sizeof ((pid_t)))
| 	    return 0;
|   ;
|   return 0;
| }
configure:4243: result: yes
configure:4254: checking for size_t
configure:4254: gcc -c -g -O2  conftest.c >&5
configure:4254: $? = 0
configure:4254: gcc -c -g -O2  conftest.c >&5
conftest.c: In function 'main':
conftest.c:71:21: error: expected expression before ')' token
configure:4254: $? = 1
configure: failed program was:
| /* confdefs.h */
| #define PACKAGE_NAME "taskserver"
| #define PACKAGE_TARNAME "taskserver"
| #define PACKAGE_VERSION "1.0"
| #define PACKAGE_STRING "taskserver 1.0"
| #define PACKAGE_BUGREPORT "raink.kid@gmail.com"
| #define PACKAGE_URL ""
| #define PACKAGE "taskserver"
| #define VERSION "1.0"
| #define STDC_HEADERS 1
| #define HAVE_SYS_TYPES_H 1
| #define HAVE_SYS_STAT_H 1
| #define HAVE_STDLIB_H 1
| #define HAVE_STRING_H 1
| #define HAVE_MEMORY_H 1
| #define HAVE_STRINGS_H 1
| #define HAVE_INTTYPES_H 1
| #define HAVE_STDINT_H 1
| #define HAVE_UNISTD_H 1
| #define HAVE_ARPA_INET_H 1
| #define HAVE_FCNTL_H 1
| #define HAVE_MALLOC_H 1
| #define HAVE_NETDB_H 1
| #define HAVE_NETINET_IN_H 1
| #define HAVE_STDLIB_H 1
| #define HAVE_STRING_H 1
| #define HAVE_SYS_PARAM_H 1
| #define HAVE_SYS_SOCKET_H 1
| #define HAVE_UNISTD_H 1
| #define HAVE_CURL_CURL_H 1
| #define HAVE_MYSQL_MYSQL_H 1
| #define HAVE__BOOL 1
| #define HAVE_STDBOOL_H 1
| /* end confdefs.h.  */
| #include <stdio.h>
| #ifdef HAVE_SYS_TYPES_H
| # include <sys/types.h>
| #endif
| #ifdef HAVE_SYS_STAT_H
| # include <sys/stat.h>
| #endif
| #ifdef STDC_HEADERS
| # include <stdlib.h>
| # include <stddef.h>
| #else
| # ifdef HAVE_STDLIB_H
| #  include <stdlib.h>
| # endif
| #endif
| #ifdef HAVE_STRING_H
| # if !defined STDC_HEADERS && defined HAVE_MEMORY_H
| #  include <memory.h>
| # endif
| # include <string.h>
| #endif
| #ifdef HAVE_STRINGS_H
| # include <strings.h>
| #endif
| #ifdef HAVE_INTTYPES_H
| # include <inttypes.h>
| #endif
| #ifdef HAVE_STDINT_H
| # include <stdint.h>
| #endif
| #ifdef HAVE_UNISTD_H
| # include <unistd.h>
| #endif
| int
| main ()
| {
| if (sizeof ((size_t)))
| 	    return 0;
|   ;
|   return 0;
| }
configure:4254: result: yes
configure:4269: checking vfork.h usability
configure:4269: gcc -c -g -O2  conftest.c >&5
conftest.c:68:19: fatal error: vfork.h: No such file or directory
compilation terminated.
configure:4269: $? = 1
configure: failed program was:
| /* confdefs.h */
| #define PACKAGE_NAME "taskserver"
| #define PACKAGE_TARNAME "taskserver"
| #define PACKAGE_VERSION "1.0"
| #define PACKAGE_STRING "taskserver 1.0"
| #define PACKAGE_BUGREPORT "raink.kid@gmail.com"
| #define PACKAGE_URL ""
| #define PACKAGE "taskserver"
| #define VERSION "1.0"
| #define STDC_HEADERS 1
| #define HAVE_SYS_TYPES_H 1
| #define HAVE_SYS_STAT_H 1
| #define HAVE_STDLIB_H 1
| #define HAVE_STRING_H 1
| #define HAVE_MEMORY_H 1
| #define HAVE_STRINGS_H 1
| #define HAVE_INTTYPES_H 1
| #define HAVE_STDINT_H 1
| #define HAVE_UNISTD_H 1
| #define HAVE_ARPA_INET_H 1
| #define HAVE_FCNTL_H 1
| #define HAVE_MALLOC_H 1
| #define HAVE_NETDB_H 1
| #define HAVE_NETINET_IN_H 1
| #define HAVE_STDLIB_H 1
| #define HAVE_STRING_H 1
| #define HAVE_SYS_PARAM_H 1
| #define HAVE_SYS_SOCKET_H 1
| #define HAVE_UNISTD_H 1
| #define HAVE_CURL_CURL_H 1
| #define HAVE_MYSQL_MYSQL_H 1
| #define HAVE__BOOL 1
| #define HAVE_STDBOOL_H 1
| /* end confdefs.h.  */
| #include <stdio.h>
| #ifdef HAVE_SYS_TYPES_H
| # include <sys/types.h>
| #endif
| #ifdef HAVE_SYS_STAT_H
| # include <sys/stat.h>
| #endif
| #ifdef STDC_HEADERS
| # include <stdlib.h>
| # include <stddef.h>
| #else
| # ifdef HAVE_STDLIB_H
| #  include <stdlib.h>
| # endif
| #endif
| #ifdef HAVE_STRING_H
| # if !defined STDC_HEADERS && defined HAVE_MEMORY_H
| #  include <memory.h>
| # endif
| # include <string.h>
| #endif
| #ifdef HAVE_STRINGS_H
| # include <strings.h>
| #endif
| #ifdef HAVE_INTTYPES_H
| # include <inttypes.h>
| #endif
| #ifdef HAVE_STDINT_H
| # include <stdint.h>
| #endif
| #ifdef HAVE_UNISTD_H
| # include <unistd.h>
| #endif
| #include <vfork.h>
configure:4269: result: no
configure:4269: checking vfork.h presence
configure:4269: gcc -E  conftest.c
conftest.c:35:19: fatal error: vfork.h: No such file or directory
compilation terminated.
configure:4269: $? = 1
configure: failed program was:
| /* confdefs.h */
| #define PACKAGE_NAME "taskserver"
| #define PACKAGE_TARNAME "taskserver"
| #define PACKAGE_VERSION "1.0"
| #define PACKAGE_STRING "taskserver 1.0"
| #define PACKAGE_BUGREPORT "raink.kid@gmail.com"
| #define PACKAGE_URL ""
| #define PACKAGE "taskserver"
| #define VERSION "1.0"
| #define STDC_HEADERS 1
| #define HAVE_SYS_TYPES_H 1
| #define HAVE_SYS_STAT_H 1
| #define HAVE_STDLIB_H 1
| #define HAVE_STRING_H 1
| #define HAVE_MEMORY_H 1
| #define HAVE_STRINGS_H 1
| #define HAVE_INTTYPES_H 1
| #define HAVE_STDINT_H 1
| #define HAVE_UNISTD_H 1
| #define HAVE_ARPA_INET_H 1
| #define HAVE_FCNTL_H 1
| #define HAVE_MALLOC_H 1
| #define HAVE_NETDB_H 1
| #define HAVE_NETINET_IN_H 1
| #define HAVE_STDLIB_H 1
| #define HAVE_STRING_H 1
| #define HAVE_SYS_PARAM_H 1
| #define HAVE_SYS_SOCKET_H 1
| #define HAVE_UNISTD_H 1
| #define HAVE_CURL_CURL_H 1
| #define HAVE_MYSQL_MYSQL_H 1
| #define HAVE__BOOL 1
| #define HAVE_STDBOOL_H 1
| /* end confdefs.h.  */
| #include <vfork.h>
configure:4269: result: no
configure:4269: checking for vfork.h
configure:4269: result: no
configure:4282: checking for fork
configure:4282: gcc -o conftest -g -O2   conftest.c  >&5
conftest.c:58:6: warning: conflicting types for built-in function 'fork'
configure:4282: $? = 0
configure:4282: result: yes
configure:4282: checking for vfork
configure:4282: gcc -o conftest -g -O2   conftest.c  >&5
configure:4282: $? = 0
configure:4282: result: yes
configure:4292: checking for working fork
configure:4314: gcc -o conftest -g -O2   conftest.c  >&5
configure:4314: $? = 0
configure:4314: ./conftest
configure:4314: $? = 0
configure:4324: result: yes
configure:4345: checking for working vfork
configure:4455: result: yes
configure:4482: checking for stdlib.h
configure:4482: result: yes
configure:4492: checking for GNU libc compatible malloc
configure:4516: gcc -o conftest -g -O2   conftest.c  >&5
configure:4516: $? = 0
configure:4516: ./conftest
configure:4516: $? = 0
configure:4526: result: yes
configure:4547: checking whether time.h and sys/time.h may both be included
configure:4567: gcc -c -g -O2  conftest.c >&5
configure:4567: $? = 0
configure:4574: result: yes
configure:4588: checking for sys/time.h
configure:4588: gcc -c -g -O2  conftest.c >&5
configure:4588: $? = 0
configure:4588: result: yes
configure:4588: checking for unistd.h
configure:4588: result: yes
configure:4609: checking for alarm
configure:4609: gcc -o conftest -g -O2   conftest.c  >&5
configure:4609: $? = 0
configure:4609: result: yes
configure:4622: checking for working mktime
configure:4824: gcc -o conftest -g -O2   conftest.c  >&5
configure:4824: $? = 0
configure:4824: ./conftest
configure:4824: $? = 0
configure:4834: result: yes
configure:4847: checking for stdlib.h
configure:4847: result: yes
configure:4857: checking for GNU libc compatible realloc
configure:4881: gcc -o conftest -g -O2   conftest.c  >&5
configure:4881: $? = 0
configure:4881: ./conftest
configure:4881: $? = 0
configure:4891: result: yes
configure:4915: checking for bzero
configure:4915: gcc -o conftest -g -O2   conftest.c  >&5
conftest.c:70:6: warning: conflicting types for built-in function 'bzero'
configure:4915: $? = 0
configure:4915: result: yes
configure:4915: checking for gethostbyaddr
configure:4915: gcc -o conftest -g -O2   conftest.c  >&5
configure:4915: $? = 0
configure:4915: result: yes
configure:4915: checking for gethostbyname
configure:4915: gcc -o conftest -g -O2   conftest.c  >&5
configure:4915: $? = 0
configure:4915: result: yes
configure:4915: checking for memset
configure:4915: gcc -o conftest -g -O2   conftest.c  >&5
conftest.c:73:6: warning: conflicting types for built-in function 'memset'
configure:4915: $? = 0
configure:4915: result: yes
configure:4915: checking for socket
configure:4915: gcc -o conftest -g -O2   conftest.c  >&5
configure:4915: $? = 0
configure:4915: result: yes
configure:4915: checking for strchr
configure:4915: gcc -o conftest -g -O2   conftest.c  >&5
conftest.c:75:6: warning: conflicting types for built-in function 'strchr'
configure:4915: $? = 0
configure:4915: result: yes
configure:4915: checking for strdup
configure:4915: gcc -o conftest -g -O2   conftest.c  >&5
conftest.c:76:6: warning: conflicting types for built-in function 'strdup'
configure:4915: $? = 0
configure:4915: result: yes
configure:4915: checking for strstr
configure:4915: gcc -o conftest -g -O2   conftest.c  >&5
conftest.c:77:6: warning: conflicting types for built-in function 'strstr'
configure:4915: $? = 0
configure:4915: result: yes
configure:4915: checking for strncpy
configure:4915: gcc -o conftest -g -O2   conftest.c  >&5
conftest.c:78:6: warning: conflicting types for built-in function 'strncpy'
configure:4915: $? = 0
configure:4915: result: yes
configure:4915: checking for memcpy
configure:4915: gcc -o conftest -g -O2   conftest.c  >&5
conftest.c:79:6: warning: conflicting types for built-in function 'memcpy'
configure:4915: $? = 0
configure:4915: result: yes
configure:5082: creating ./config.status

## ---------------------- ##
## Running config.status. ##
## ---------------------- ##

This file was extended by taskserver config.status 1.0, which was
generated by GNU Autoconf 2.67.  Invocation command line was

  CONFIG_FILES    = 
  CONFIG_HEADERS  = 
  CONFIG_LINKS    = 
  CONFIG_COMMANDS = 
  $ ./config.status 

on ubuntu

config.status:785: creating Makefile
config.status:956: executing depfiles commands

## ---------------- ##
## Cache variables. ##
## ---------------- ##

ac_cv_c_compiler_gnu=yes
ac_cv_env_CC_set=
ac_cv_env_CC_value=
ac_cv_env_CFLAGS_set=
ac_cv_env_CFLAGS_value=
ac_cv_env_CPPFLAGS_set=
ac_cv_env_CPPFLAGS_value=
ac_cv_env_CPP_set=
ac_cv_env_CPP_value=
ac_cv_env_LDFLAGS_set=
ac_cv_env_LDFLAGS_value=
ac_cv_env_LIBS_set=
ac_cv_env_LIBS_value=
ac_cv_env_build_alias_set=
ac_cv_env_build_alias_value=
ac_cv_env_host_alias_set=
ac_cv_env_host_alias_value=
ac_cv_env_target_alias_set=
ac_cv_env_target_alias_value=
ac_cv_func_alarm=yes
ac_cv_func_bzero=yes
ac_cv_func_fork=yes
ac_cv_func_fork_works=yes
ac_cv_func_gethostbyaddr=yes
ac_cv_func_gethostbyname=yes
ac_cv_func_malloc_0_nonnull=yes
ac_cv_func_memcpy=yes
ac_cv_func_memset=yes
ac_cv_func_realloc_0_nonnull=yes
ac_cv_func_socket=yes
ac_cv_func_strchr=yes
ac_cv_func_strdup=yes
ac_cv_func_strncpy=yes
ac_cv_func_strstr=yes
ac_cv_func_vfork=yes
ac_cv_func_vfork_works=yes
ac_cv_func_working_mktime=yes
ac_cv_header_arpa_inet_h=yes
ac_cv_header_curl_curl_h=yes
ac_cv_header_fcntl_h=yes
ac_cv_header_inttypes_h=yes
ac_cv_header_malloc_h=yes
ac_cv_header_memory_h=yes
ac_cv_header_mysql_mysql_h=yes
ac_cv_header_netdb_h=yes
ac_cv_header_netinet_in_h=yes
ac_cv_header_stdbool_h=yes
ac_cv_header_stdc=yes
ac_cv_header_stdint_h=yes
ac_cv_header_stdlib_h=yes
ac_cv_header_string_h=yes
ac_cv_header_strings_h=yes
ac_cv_header_sys_param_h=yes
ac_cv_header_sys_socket_h=yes
ac_cv_header_sys_stat_h=yes
ac_cv_header_sys_time_h=yes
ac_cv_header_sys_types_h=yes
ac_cv_header_time=yes
ac_cv_header_unistd_h=yes
ac_cv_header_vfork_h=no
ac_cv_lib_pthread_pthread_rwlock_init=no
ac_cv_objext=o
ac_cv_path_EGREP='/bin/grep -E'
ac_cv_path_GREP=/bin/grep
ac_cv_path_install='/usr/bin/install -c'
ac_cv_path_mkdir=/bin/mkdir
ac_cv_prog_AWK=mawk
ac_cv_prog_CPP='gcc -E'
ac_cv_prog_ac_ct_CC=gcc
ac_cv_prog_cc_c89=
ac_cv_prog_cc_g=yes
ac_cv_prog_make_make_set=yes
ac_cv_type__Bool=yes
ac_cv_type_pid_t=yes
ac_cv_type_size_t=yes
am_cv_CC_dependencies_compiler_type=gcc3

## ----------------- ##
## Output variables. ##
## ----------------- ##

ACLOCAL='${SHELL} /home/rainkid/cron-mysql/missing --run aclocal-1.11'
AMDEPBACKSLASH='\'
AMDEP_FALSE='#'
AMDEP_TRUE=''
AMTAR='${SHELL} /home/rainkid/cron-mysql/missing --run tar'
AUTOCONF='${SHELL} /home/rainkid/cron-mysql/missing --run autoconf'
AUTOHEADER='${SHELL} /home/rainkid/cron-mysql/missing --run autoheader'
AUTOMAKE='${SHELL} /home/rainkid/cron-mysql/missing --run automake-1.11'
AWK='mawk'
CC='gcc'
CCDEPMODE='depmode=gcc3'
CFLAGS='-g -O2'
CPP='gcc -E'
CPPFLAGS=''
CYGPATH_W='echo'
DEFS='-DPACKAGE_NAME=\"taskserver\" -DPACKAGE_TARNAME=\"taskserver\" -DPACKAGE_VERSION=\"1.0\" -DPACKAGE_STRING=\"taskserver\ 1.0\" -DPACKAGE_BUGREPORT=\"raink.kid@gmail.com\" -DPACKAGE_URL=\"\" -DPACKAGE=\"taskserver\" -DVERSION=\"1.0\" -DSTDC_HEADERS=1 -DHAVE_SYS_TYPES_H=1 -DHAVE_SYS_STAT_H=1 -DHAVE_STDLIB_H=1 -DHAVE_STRING_H=1 -DHAVE_MEMORY_H=1 -DHAVE_STRINGS_H=1 -DHAVE_INTTYPES_H=1 -DHAVE_STDINT_H=1 -DHAVE_UNISTD_H=1 -DHAVE_ARPA_INET_H=1 -DHAVE_FCNTL_H=1 -DHAVE_MALLOC_H=1 -DHAVE_NETDB_H=1 -DHAVE_NETINET_IN_H=1 -DHAVE_STDLIB_H=1 -DHAVE_STRING_H=1 -DHAVE_SYS_PARAM_H=1 -DHAVE_SYS_SOCKET_H=1 -DHAVE_UNISTD_H=1 -DHAVE_CURL_CURL_H=1 -DHAVE_MYSQL_MYSQL_H=1 -DHAVE__BOOL=1 -DHAVE_STDBOOL_H=1 -DHAVE_FORK=1 -DHAVE_VFORK=1 -DHAVE_WORKING_VFORK=1 -DHAVE_WORKING_FORK=1 -DHAVE_STDLIB_H=1 -DHAVE_MALLOC=1 -DTIME_WITH_SYS_TIME=1 -DHAVE_SYS_TIME_H=1 -DHAVE_UNISTD_H=1 -DHAVE_ALARM=1 -DHAVE_STDLIB_H=1 -DHAVE_REALLOC=1 -DHAVE_BZERO=1 -DHAVE_GETHOSTBYADDR=1 -DHAVE_GETHOSTBYNAME=1 -DHAVE_MEMSET=1 -DHAVE_SOCKET=1 -DHAVE_STRCHR=1 -DHAVE_STRDUP=1 -DHAVE_STRSTR=1 -DHAVE_STRNCPY=1 -DHAVE_MEMCPY=1'
DEPDIR='.deps'
ECHO_C=''
ECHO_N='-n'
ECHO_T=''
EGREP='/bin/grep -E'
EXEEXT=''
GREP='/bin/grep'
INSTALL_DATA='${INSTALL} -m 644'
INSTALL_PROGRAM='${INSTALL}'
INSTALL_SCRIPT='${INSTALL}'
INSTALL_STRIP_PROGRAM='$(install_sh) -c -s'
LDFLAGS=''
LIBOBJS=''
LIBS=''
LTLIBOBJS=''
MAKEINFO='${SHELL} /home/rainkid/cron-mysql/missing --run makeinfo'
MKDIR_P='/bin/mkdir -p'
OBJEXT='o'
PACKAGE='taskserver'
PACKAGE_BUGREPORT='raink.kid@gmail.com'
PACKAGE_NAME='taskserver'
PACKAGE_STRING='taskserver 1.0'
PACKAGE_TARNAME='taskserver'
PACKAGE_URL=''
PACKAGE_VERSION='1.0'
PATH_SEPARATOR=':'
SET_MAKE=''
SHELL='/bin/bash'
STRIP=''
VERSION='1.0'
ac_ct_CC='gcc'
am__EXEEXT_FALSE=''
am__EXEEXT_TRUE='#'
am__fastdepCC_FALSE='#'
am__fastdepCC_TRUE=''
am__include='include'
am__isrc=''
am__leading_dot='.'
am__quote=''
am__tar='${AMTAR} chof - "$$tardir"'
am__untar='${AMTAR} xf -'
bindir='${exec_prefix}/bin'
build_alias=''
datadir='${datarootdir}'
datarootdir='${prefix}/share'
docdir='${datarootdir}/doc/${PACKAGE_TARNAME}'
dvidir='${docdir}'
exec_prefix='${prefix}'
host_alias=''
htmldir='${docdir}'
includedir='${prefix}/include'
infodir='${datarootdir}/info'
install_sh='${SHELL} /home/rainkid/cron-mysql/install-sh'
libdir='${exec_prefix}/lib'
libexecdir='${exec_prefix}/libexec'
localedir='${datarootdir}/locale'
localstatedir='${prefix}/var'
mandir='${datarootdir}/man'
mkdir_p='/bin/mkdir -p'
oldincludedir='/usr/include'
pdfdir='${docdir}'
prefix='/usr/local'
program_transform_name='s,x,x,'
psdir='${docdir}'
sbindir='${exec_prefix}/sbin'
sharedstatedir='${prefix}/com'
sysconfdir='${prefix}/etc'
target_alias=''

## ----------- ##
## confdefs.h. ##
## ----------- ##

/* confdefs.h */
#define PACKAGE_NAME "taskserver"
#define PACKAGE_TARNAME "taskserver"
#define PACKAGE_VERSION "1.0"
#define PACKAGE_STRING "taskserver 1.0"
#define PACKAGE_BUGREPORT "raink.kid@gmail.com"
#define PACKAGE_URL ""
#define PACKAGE "taskserver"
#define VERSION "1.0"
#define STDC_HEADERS 1
#define HAVE_SYS_TYPES_H 1
#define HAVE_SYS_STAT_H 1
#define HAVE_STDLIB_H 1
#define HAVE_STRING_H 1
#define HAVE_MEMORY_H 1
#define HAVE_STRINGS_H 1
#define HAVE_INTTYPES_H 1
#define HAVE_STDINT_H 1
#define HAVE_UNISTD_H 1
#define HAVE_ARPA_INET_H 1
#define HAVE_FCNTL_H 1
#define HAVE_MALLOC_H 1
#define HAVE_NETDB_H 1
#define HAVE_NETINET_IN_H 1
#define HAVE_STDLIB_H 1
#define HAVE_STRING_H 1
#define HAVE_SYS_PARAM_H 1
#define HAVE_SYS_SOCKET_H 1
#define HAVE_UNISTD_H 1
#define HAVE_CURL_CURL_H 1
#define HAVE_MYSQL_MYSQL_H 1
#define HAVE__BOOL 1
#define HAVE_STDBOOL_H 1
#define HAVE_FORK 1
#define HAVE_VFORK 1
#define HAVE_WORKING_VFORK 1
#define HAVE_WORKING_FORK 1
#define HAVE_STDLIB_H 1
#define HAVE_MALLOC 1
#define TIME_WITH_SYS_TIME 1
#define HAVE_SYS_TIME_H 1
#define HAVE_UNISTD_H 1
#define HAVE_ALARM 1
#define HAVE_STDLIB_H 1
#define HAVE_REALLOC 1
#define HAVE_BZERO 1
#define HAVE_GETHOSTBYADDR 1
#define HAVE_GETHOSTBYNAME 1
#define HAVE_MEMSET 1
#define HAVE_SOCKET 1
#define HAVE_STRCHR 1
#define HAVE_STRDUP 1
#define HAVE_STRSTR 1
#define HAVE_STRNCPY 1
#define HAVE_MEMCPY 1

configure: exit 0
