2011-12-26 14:36:00 http://cron.market.test/upgoods.php...success
2011-12-26 14:36:00 http://cron.market.test/upgoods.php...success
2011-12-26 14:36:00 http://cron.market.test/upgoods.php...success
2011-12-26 14:36:00 http://cron.market.test/upgoods.php...success
2011-12-26 14:36:00 http://cron.market.test/upgoods.php...success
2011-12-26 14:36:00 http://cron.market.test/upgoods.php...success
2011-12-26 14:36:00 http://cron.market.test/upgoods.php...success
2011-12-26 14:36:00 http://cron.market.test/upgoods.php...success
2011-12-26 14:36:00 http://cron.market.test/upgoods.php...success
2011-12-26 14:36:00 http://cron.market.test/upgoods.php...success
2011-12-26 14:36:00 http://cron.market.test/upgoods.php...success
2011-12-26 14:36:00 http://cron.market.test/upgoods.php...success
2011-12-26 14:36:00 http://cron.market.test/upgoods.php...success
2011-12-26 14:36:00 http://cron.market.test/upgoods.php...success
2011-12-26 14:36:00 http://cron.market.test/upgoods.php...success
2011-12-26 14:36:00 http://cron.market.test/upgoods.php...success
2011-12-26 14:36:00 http://cron.market.test/upgoods.php...success
2011-12-26 14:36:00 http://cron.market.test/upgoods.php...success
2011-12-26 14:36:00 http://cron.market.test/upgoods.php...success
2011-12-26 14:36:00 http://cron.market.test/upgoods.php...success
2011-12-26 14:36:00 http://cron.market.test/upgoods.php...success
2011-12-26 14:36:00 http://cron.market.test/upgoods.php...success
2011-12-26 14:36:00 http://cron.market.test/upgoods.php...success
2011-12-26 14:36:00 http://cron.market.test/upgoods.php...success
2011-12-26 14:36:00 http://cron.market.test/upgoods.php...success
2011-12-26 14:36:00 http://cron.market.test/upgoods.php...success
2011-12-26 14:36:00 http://cron.market.test/upgoods.php...success
2011-12-26 14:36:00 http://cron.market.test/upgoods.php...success
2011-12-26 14:36:00 http://cron.market.test/upgoods.php...success
2011-12-26 14:36:00 http://cron.market.test/upgoods.php...success
2011-12-26 14:36:00 http://cron.market.test/upgoods.php...success
2011-12-26 14:36:00 http://cron.market.test/upgoods.php...success
2011-12-26 14:36:00 http://cron.market.test/upgoods.php...success
2011-12-26 14:36:00 http://cron.market.test/upgoods.php...success
2011-12-26 14:36:00 http://cron.market.test/upgoods.php...success
2011-12-26 14:36:03 http://localhost/test.php...success
2011-12-26 14:37:00 http://cron.market.test/upgoods.php...success
2011-12-26 14:37:00 http://cron.market.test/upgoods.php...success
2011-12-26 14:37:00 http://cron.market.test/upgoods.php...success
2011-12-26 14:37:00 http://cron.market.test/upgoods.php...success
2011-12-26 14:37:00 http://cron.market.test/upgoods.php...success
2011-12-26 14:37:00 http://cron.market.test/upgoods.php...success
2011-12-26 14:37:00 http://cron.market.test/upgoods.php...success
2011-12-26 14:37:00 http://cron.market.test/upgoods.php...success
2011-12-26 14:37:00 http://cron.market.test/upgoods.php...success
2011-12-26 14:37:00 http://cron.market.test/upgoods.php...success
2011-12-26 14:37:00 http://cron.market.test/upgoods.php...success
2011-12-26 14:37:00 http://cron.market.test/upgoods.php...success
2011-12-26 14:37:00 http://cron.market.test/upgoods.php...success
2011-12-26 14:37:00 http://cron.market.test/upgoods.php...success
2011-12-26 14:37:00 http://cron.market.test/upgoods.php...success
2011-12-26 14:37:00 http://cron.market.test/upgoods.php...success
2011-12-26 14:37:00 http://cron.market.test/upgoods.php...success
2011-12-26 14:37:00 http://cron.market.test/upgoods.php...success
2011-12-26 14:37:00 http://cron.market.test/upgoods.php...success
2011-12-26 14:37:00 http://cron.market.test/upgoods.php...success
2011-12-26 14:37:00 http://cron.market.test/upgoods.php...success
2011-12-26 14:37:00 http://cron.market.test/upgoods.php...success
2011-12-26 14:37:00 http://cron.market.test/upgoods.php...success
2011-12-26 14:37:00 http://cron.market.test/upgoods.php...success
2011-12-26 14:37:00 http://cron.market.test/upgoods.php...success
2011-12-26 14:37:00 http://cron.market.test/upgoods.php...success
2011-12-26 14:37:00 http://cron.market.test/upgoods.php...success
2011-12-26 14:37:00 http://cron.market.test/upgoods.php...success
2011-12-26 14:37:00 http://cron.market.test/upgoods.php...success
2011-12-26 14:37:00 http://cron.market.test/upgoods.php...success
2011-12-26 14:37:00 http://cron.market.test/upgoods.php...success
2011-12-26 14:37:00 http://cron.market.test/upgoods.php...success
2011-12-26 14:37:00 http://cron.market.test/upgoods.php...success
2011-12-26 14:37:00 http://cron.market.test/upgoods.php...success
2011-12-26 14:37:00 http://cron.market.test/upgoods.php...success
2011-12-26 14:37:00 http://cron.market.test/upgoods.php...success
2011-12-26 14:37:00 http://cron.market.test/upgoods.php...success
2011-12-26 14:37:00 http://cron.market.test/upgoods.php...success
2011-12-26 14:37:00 http://cron.market.test/upgoods.php...success
2011-12-26 14:37:00 http://cron.market.test/upgoods.php...success
2011-12-26 14:37:00 http://cron.market.test/upgoods.php...success
2011-12-26 14:37:00 http://cron.market.test/upgoods.php...success
2011-12-26 14:37:00 http://cron.market.test/upgoods.php...success
2011-12-26 14:37:00 http://cron.market.test/upgoods.php...success
2011-12-26 14:37:00 http://cron.market.test/upgoods.php...success
2011-12-26 14:37:00 http://cron.market.test/upgoods.php...success
2011-12-26 14:37:00 http://cron.market.test/upgoods.php...success
2011-12-26 14:37:00 http://cron.market.test/upgoods.php...success
2011-12-26 14:37:00 http://cron.market.test/upgoods.php...success
2011-12-26 14:37:03 http://localhost/test.php...success
2011-12-26 14:38:00 http://cron.market.test/upgoods.php...success
2011-12-26 14:38:00 http://cron.market.test/upgoods.php...success
2011-12-26 14:38:00 http://cron.market.test/upgoods.php...success
2011-12-26 14:38:00 http://cron.market.test/upgoods.php...success
2011-12-26 14:38:00 http://cron.market.test/upgoods.php...success
2011-12-26 14:38:00 http://cron.market.test/upgoods.php...success
2011-12-26 14:38:00 http://cron.market.test/upgoods.php...success
2011-12-26 14:38:00 http://cron.market.test/upgoods.php...success
2011-12-26 14:38:00 http://cron.market.test/upgoods.php...success
2011-12-26 14:38:00 http://cron.market.test/upgoods.php...success
2011-12-26 14:38:00 http://cron.market.test/upgoods.php...success
2011-12-26 14:38:00 http://cron.market.test/upgoods.php...success
2011-12-26 14:38:00 http://cron.market.test/upgoods.php...success
2011-12-26 14:38:00 http://cron.market.test/upgoods.php...success
2011-12-26 14:38:00 http://cron.market.test/upgoods.php...success
2011-12-26 14:38:00 http://cron.market.test/upgoods.php...success
2011-12-26 14:38:00 http://cron.market.test/upgoods.php...success
2011-12-26 14:38:00 http://cron.market.test/upgoods.php...success
2011-12-26 14:38:00 http://cron.market.test/upgoods.php...success
2011-12-26 14:38:00 http://cron.market.test/upgoods.php...success
2011-12-26 14:38:00 http://cron.market.test/upgoods.php...success
2011-12-26 14:38:00 http://cron.market.test/upgoods.php...success
2011-12-26 14:38:00 http://cron.market.test/upgoods.php...success
2011-12-26 14:38:00 http://cron.market.test/upgoods.php...success
2011-12-26 14:38:00 http://cron.market.test/upgoods.php...success
2011-12-26 14:38:00 http://cron.market.test/upgoods.php...success
2011-12-26 14:38:00 http://cron.market.test/upgoods.php...success
2011-12-26 14:38:00 http://cron.market.test/upgoods.php...success
2011-12-26 14:38:00 http://cron.market.test/upgoods.php...success
2011-12-26 14:38:00 http://cron.market.test/upgoods.php...success
2011-12-26 14:38:00 http://cron.market.test/upgoods.php...success
2011-12-26 14:38:00 http://cron.market.test/upgoods.php...success
2011-12-26 14:38:00 http://cron.market.test/upgoods.php...success
2011-12-26 14:38:00 http://cron.market.test/upgoods.php...success
2011-12-26 14:38:00 http://cron.market.test/upgoods.php...success
2011-12-26 14:38:00 http://cron.market.test/upgoods.php...success
2011-12-26 14:38:00 http://cron.market.test/upgoods.php...success
2011-12-26 14:38:00 http://cron.market.test/upgoods.php...success
2011-12-26 14:38:00 http://cron.market.test/upgoods.php...success
2011-12-26 14:38:00 http://cron.market.test/upgoods.php...success
2011-12-26 14:38:00 http://cron.market.test/upgoods.php...success
2011-12-26 14:38:00 http://cron.market.test/upgoods.php...success
2011-12-26 14:38:00 http://cron.market.test/upgoods.php...success
2011-12-26 14:38:00 http://cron.market.test/upgoods.php...success
2011-12-26 14:38:00 http://cron.market.test/upgoods.php...success
2011-12-26 14:38:00 http://cron.market.test/upgoods.php...success
2011-12-26 14:38:00 http://cron.market.test/upgoods.php...success
2011-12-26 14:38:00 http://cron.market.test/upgoods.php...success
2011-12-26 14:38:00 http://cron.market.test/upgoods.php...success
2011-12-26 14:38:03 http://localhost/test.php...success
2011-12-26 14:39:00 http://cron.market.test/upgoods.php...success
2011-12-26 14:39:00 http://cron.market.test/upgoods.php...success
2011-12-26 14:39:00 http://cron.market.test/upgoods.php...success
2011-12-26 14:39:00 http://cron.market.test/upgoods.php...success
2011-12-26 14:39:00 http://cron.market.test/upgoods.php...success
2011-12-26 14:39:00 http://cron.market.test/upgoods.php...success
2011-12-26 14:39:00 http://cron.market.test/upgoods.php...success
2011-12-26 14:39:00 http://cron.market.test/upgoods.php...success
2011-12-26 14:39:00 http://cron.market.test/upgoods.php...success
2011-12-26 14:39:00 http://cron.market.test/upgoods.php...success
2011-12-26 14:39:00 http://cron.market.test/upgoods.php...success
2011-12-26 14:39:00 http://cron.market.test/upgoods.php...success
2011-12-26 14:39:00 http://cron.market.test/upgoods.php...success
2011-12-26 14:39:00 http://cron.market.test/upgoods.php...success
2011-12-26 14:39:00 http://cron.market.test/upgoods.php...success
2011-12-26 14:39:00 http://cron.market.test/upgoods.php...success
2011-12-26 14:39:00 http://cron.market.test/upgoods.php...success
2011-12-26 14:39:00 http://cron.market.test/upgoods.php...success
2011-12-26 14:39:00 http://cron.market.test/upgoods.php...success
2011-12-26 14:39:00 http://cron.market.test/upgoods.php...success
2011-12-26 14:39:00 http://cron.market.test/upgoods.php...success
2011-12-26 14:39:00 http://cron.market.test/upgoods.php...success
2011-12-26 14:39:00 http://cron.market.test/upgoods.php...success
2011-12-26 14:39:00 http://cron.market.test/upgoods.php...success
2011-12-26 14:39:00 http://cron.market.test/upgoods.php...success
2011-12-26 14:39:00 http://cron.market.test/upgoods.php...success
2011-12-26 14:39:00 http://cron.market.test/upgoods.php...success
2011-12-26 14:39:00 http://cron.market.test/upgoods.php...success
2011-12-26 14:39:00 http://cron.market.test/upgoods.php...success
2011-12-26 14:39:00 http://cron.market.test/upgoods.php...success
2011-12-26 14:39:00 http://cron.market.test/upgoods.php...success
2011-12-26 14:39:00 http://cron.market.test/upgoods.php...success
2011-12-26 14:39:00 http://cron.market.test/upgoods.php...success
2011-12-26 14:39:00 http://cron.market.test/upgoods.php...success
2011-12-26 14:39:00 http://cron.market.test/upgoods.php...success
2011-12-26 14:39:00 http://cron.market.test/upgoods.php...success
2011-12-26 14:39:00 http://cron.market.test/upgoods.php...success
2011-12-26 14:39:00 http://cron.market.test/upgoods.php...success
2011-12-26 14:39:00 http://cron.market.test/upgoods.php...success
2011-12-26 14:39:00 http://cron.market.test/upgoods.php...success
2011-12-26 14:39:00 http://cron.market.test/upgoods.php...success
2011-12-26 14:39:00 http://cron.market.test/upgoods.php...success
2011-12-26 14:39:00 http://cron.market.test/upgoods.php...success
2011-12-26 14:39:00 http://cron.market.test/upgoods.php...success
2011-12-26 14:39:00 http://cron.market.test/upgoods.php...success
2011-12-26 14:39:00 http://cron.market.test/upgoods.php...success
2011-12-26 14:39:00 http://cron.market.test/upgoods.php...success
2011-12-26 14:39:00 http://cron.market.test/upgoods.php...success
2011-12-26 14:39:00 http://cron.market.test/upgoods.php...success
2011-12-26 14:39:03 http://localhost/test.php...success
2011-12-26 14:40:00 task list is null.
2011-12-26 14:40:00 load 58 tasks from mysql.
2011-12-26 14:41:00 http://cron.market.test/upgoods.php...success
2011-12-26 14:41:00 http://cron.market.test/upgoods.php...success
2011-12-26 14:41:00 http://cron.market.test/upgoods.php...success
2011-12-26 14:41:00 http://cron.market.test/upgoods.php...success
2011-12-26 14:41:00 http://cron.market.test/upgoods.php...success
2011-12-26 14:41:00 http://cron.market.test/upgoods.php...success
2011-12-26 14:41:00 http://cron.market.test/upgoods.php...success
2011-12-26 14:41:00 http://cron.market.test/upgoods.php...success
2011-12-26 14:41:00 http://cron.market.test/upgoods.php...success
2011-12-26 14:41:00 http://cron.market.test/upgoods.php...success
2011-12-26 14:41:00 http://cron.market.test/upgoods.php...success
2011-12-26 14:41:00 http://cron.market.test/upgoods.php...success
2011-12-26 14:41:00 http://cron.market.test/upgoods.php...success
2011-12-26 14:41:00 http://cron.market.test/upgoods.php...success
2011-12-26 14:41:00 http://cron.market.test/upgoods.php...success
2011-12-26 14:41:00 http://cron.market.test/upgoods.php...success
2011-12-26 14:41:00 http://cron.market.test/upgoods.php...success
2011-12-26 14:41:00 http://cron.market.test/upgoods.php...success
2011-12-26 14:41:00 http://cron.market.test/upgoods.php...success
2011-12-26 14:41:00 http://cron.market.test/upgoods.php...success
2011-12-26 14:41:00 http://cron.market.test/upgoods.php...success
2011-12-26 14:41:00 http://cron.market.test/upgoods.php...success
2011-12-26 14:41:00 http://cron.market.test/upgoods.php...success
2011-12-26 14:41:00 http://cron.market.test/upgoods.php...success
2011-12-26 14:41:00 http://cron.market.test/upgoods.php...success
2011-12-26 14:41:00 http://cron.market.test/upgoods.php...success
2011-12-26 14:41:00 http://cron.market.test/upgoods.php...success
2011-12-26 14:41:00 http://cron.market.test/upgoods.php...success
2011-12-26 14:41:00 http://cron.market.test/upgoods.php...success
2011-12-26 14:41:00 http://cron.market.test/upgoods.php...success
2011-12-26 14:41:00 http://cron.market.test/upgoods.php...success
2011-12-26 14:41:00 http://cron.market.test/upgoods.php...success
2011-12-26 14:41:00 http://cron.market.test/upgoods.php...success
2011-12-26 14:41:00 http://cron.market.test/upgoods.php...success
2011-12-26 14:41:00 http://cron.market.test/upgoods.php...success
2011-12-26 14:41:00 http://cron.market.test/upgoods.php...success
2011-12-26 14:41:00 http://cron.market.test/upgoods.php...success
2011-12-26 14:41:00 http://cron.market.test/upgoods.php...success
2011-12-26 14:41:00 http://cron.market.test/upgoods.php...success
2011-12-26 14:41:00 http://cron.market.test/upgoods.php...success
2011-12-26 14:41:00 http://cron.market.test/upgoods.php...success
2011-12-26 14:41:00 http://cron.market.test/upgoods.php...success
2011-12-26 14:41:00 http://cron.market.test/upgoods.php...success
2011-12-26 14:41:00 http://cron.market.test/upgoods.php...success
2011-12-26 14:41:00 http://cron.market.test/upgoods.php...success
2011-12-26 14:41:00 http://cron.market.test/upgoods.php...success
2011-12-26 14:41:00 http://cron.market.test/upgoods.php...success
2011-12-26 14:41:00 http://cron.market.test/upgoods.php...success
2011-12-26 14:41:00 http://cron.market.test/upgoods.php...success
2011-12-26 14:41:03 http://localhost/test.php...success
2011-12-26 14:42:00 http://cron.market.test/upgoods.php...success
2011-12-26 14:42:00 http://cron.market.test/upgoods.php...success
2011-12-26 14:42:00 http://cron.market.test/upgoods.php...success
2011-12-26 14:42:00 http://cron.market.test/upgoods.php...success
2011-12-26 14:42:00 http://cron.market.test/upgoods.php...success
2011-12-26 14:42:00 http://cron.market.test/upgoods.php...success
2011-12-26 14:42:00 http://cron.market.test/upgoods.php...success
2011-12-26 14:42:00 http://cron.market.test/upgoods.php...success
2011-12-26 14:42:00 http://cron.market.test/upgoods.php...success
2011-12-26 14:42:00 http://cron.market.test/upgoods.php...success
2011-12-26 14:42:00 http://cron.market.test/upgoods.php...success
2011-12-26 14:42:00 http://cron.market.test/upgoods.php...success
2011-12-26 14:42:00 http://cron.market.test/upgoods.php...success
2011-12-26 14:42:00 http://cron.market.test/upgoods.php...success
2011-12-26 14:42:00 http://cron.market.test/upgoods.php...success
2011-12-26 14:42:00 http://cron.market.test/upgoods.php...success
2011-12-26 14:42:00 http://cron.market.test/upgoods.php...success
2011-12-26 14:42:00 http://cron.market.test/upgoods.php...success
2011-12-26 14:42:00 http://cron.market.test/upgoods.php...success
2011-12-26 14:42:00 http://cron.market.test/upgoods.php...success
2011-12-26 14:42:00 http://cron.market.test/upgoods.php...success
2011-12-26 14:42:00 http://cron.market.test/upgoods.php...success
2011-12-26 14:42:00 http://cron.market.test/upgoods.php...success
2011-12-26 14:42:00 http://cron.market.test/upgoods.php...success
2011-12-26 14:42:00 http://cron.market.test/upgoods.php...success
2011-12-26 14:42:00 http://cron.market.test/upgoods.php...success
2011-12-26 14:42:00 http://cron.market.test/upgoods.php...success
2011-12-26 14:42:00 http://cron.market.test/upgoods.php...success
2011-12-26 14:42:00 http://cron.market.test/upgoods.php...success
2011-12-26 14:42:00 http://cron.market.test/upgoods.php...success
2011-12-26 14:42:00 http://cron.market.test/upgoods.php...success
2011-12-26 14:42:00 http://cron.market.test/upgoods.php...success
2011-12-26 14:42:00 http://cron.market.test/upgoods.php...success
2011-12-26 14:42:00 http://cron.market.test/upgoods.php...success
2011-12-26 14:42:00 http://cron.market.test/upgoods.php...success
2011-12-26 14:42:00 http://cron.market.test/upgoods.php...success
2011-12-26 14:42:00 http://cron.market.test/upgoods.php...success
2011-12-26 14:42:00 http://cron.market.test/upgoods.php...success
2011-12-26 14:42:00 http://cron.market.test/upgoods.php...success
2011-12-26 14:42:00 http://cron.market.test/upgoods.php...success
2011-12-26 14:42:00 http://cron.market.test/upgoods.php...success
2011-12-26 14:42:00 http://cron.market.test/upgoods.php...success
2011-12-26 14:42:00 http://cron.market.test/upgoods.php...success
2011-12-26 14:42:00 http://cron.market.test/upgoods.php...success
2011-12-26 14:42:00 http://cron.market.test/upgoods.php...success
2011-12-26 14:42:00 http://cron.market.test/upgoods.php...success
2011-12-26 14:42:00 http://cron.market.test/upgoods.php...success
2011-12-26 14:42:00 http://cron.market.test/upgoods.php...success
2011-12-26 14:42:00 http://cron.market.test/upgoods.php...success
2011-12-26 14:42:01 task list is null.
2011-12-26 14:42:01 load 58 tasks from mysql.
2011-12-26 14:43:00 http://cron.market.test/upgoods.php...success
2011-12-26 14:43:00 http://cron.market.test/upgoods.php...success
2011-12-26 14:43:00 http://cron.market.test/upgoods.php...success
2011-12-26 14:43:00 http://cron.market.test/upgoods.php...success
2011-12-26 14:43:00 http://cron.market.test/upgoods.php...success
2011-12-26 14:43:00 http://cron.market.test/upgoods.php...success
2011-12-26 14:43:00 http://cron.market.test/upgoods.php...success
2011-12-26 14:43:00 http://cron.market.test/upgoods.php...success
2011-12-26 14:43:00 http://cron.market.test/upgoods.php...success
2011-12-26 14:43:00 http://cron.market.test/upgoods.php...success
2011-12-26 14:43:00 http://cron.market.test/upgoods.php...success
2011-12-26 14:43:00 http://cron.market.test/upgoods.php...success
2011-12-26 14:43:00 http://cron.market.test/upgoods.php...success
2011-12-26 14:43:00 http://cron.market.test/upgoods.php...success
2011-12-26 14:43:00 http://cron.market.test/upgoods.php...success
2011-12-26 14:43:00 http://cron.market.test/upgoods.php...success
2011-12-26 14:43:00 http://cron.market.test/upgoods.php...success
2011-12-26 14:43:00 http://cron.market.test/upgoods.php...success
2011-12-26 14:43:00 http://cron.market.test/upgoods.php...success
2011-12-26 14:43:00 http://cron.market.test/upgoods.php...success
2011-12-26 14:43:00 http://cron.market.test/upgoods.php...success
2011-12-26 14:43:00 http://cron.market.test/upgoods.php...success
2011-12-26 14:43:00 http://cron.market.test/upgoods.php...success
2011-12-26 14:43:00 http://cron.market.test/upgoods.php...success
2011-12-26 14:43:00 http://cron.market.test/upgoods.php...success
2011-12-26 14:43:00 http://cron.market.test/upgoods.php...success
2011-12-26 14:43:00 http://cron.market.test/upgoods.php...success
2011-12-26 14:43:00 http://cron.market.test/upgoods.php...success
2011-12-26 14:43:00 http://cron.market.test/upgoods.php...success
2011-12-26 14:43:00 http://cron.market.test/upgoods.php...success
2011-12-26 14:43:00 http://cron.market.test/upgoods.php...success
2011-12-26 14:43:00 http://cron.market.test/upgoods.php...success
2011-12-26 14:43:00 http://cron.market.test/upgoods.php...success
2011-12-26 14:43:00 http://cron.market.test/upgoods.php...success
2011-12-26 14:43:00 http://cron.market.test/upgoods.php...success
2011-12-26 14:43:00 http://cron.market.test/upgoods.php...success
2011-12-26 14:43:00 http://cron.market.test/upgoods.php...success
2011-12-26 14:43:00 http://cron.market.test/upgoods.php...success
2011-12-26 14:43:00 http://cron.market.test/upgoods.php...success
2011-12-26 14:43:00 http://cron.market.test/upgoods.php...success
2011-12-26 14:43:00 http://cron.market.test/upgoods.php...success
2011-12-26 14:43:00 http://cron.market.test/upgoods.php...success
2011-12-26 14:43:00 http://cron.market.test/upgoods.php...success
2011-12-26 14:43:00 http://cron.market.test/upgoods.php...success
2011-12-26 14:43:00 http://cron.market.test/upgoods.php...success
2011-12-26 14:43:00 http://cron.market.test/upgoods.php...success
2011-12-26 14:43:00 http://cron.market.test/upgoods.php...success
2011-12-26 14:43:00 http://cron.market.test/upgoods.php...success
2011-12-26 14:43:00 http://cron.market.test/upgoods.php...success
2011-12-26 14:43:03 http://localhost/test.php...success
2011-12-26 14:44:00 http://cron.market.test/upgoods.php...success
2011-12-26 14:44:00 http://cron.market.test/upgoods.php...success
2011-12-26 14:44:00 http://cron.market.test/upgoods.php...success
2011-12-26 14:44:00 http://cron.market.test/upgoods.php...success
2011-12-26 14:44:00 http://cron.market.test/upgoods.php...success
2011-12-26 14:44:00 http://cron.market.test/upgoods.php...success
2011-12-26 14:44:00 http://cron.market.test/upgoods.php...success
2011-12-26 14:44:00 http://cron.market.test/upgoods.php...success
2011-12-26 14:44:00 http://cron.market.test/upgoods.php...success
2011-12-26 14:44:00 http://cron.market.test/upgoods.php...success
2011-12-26 14:44:00 http://cron.market.test/upgoods.php...success
2011-12-26 14:44:00 http://cron.market.test/upgoods.php...success
2011-12-26 14:44:00 http://cron.market.test/upgoods.php...success
2011-12-26 14:44:00 http://cron.market.test/upgoods.php...success
2011-12-26 14:44:00 http://cron.market.test/upgoods.php...success
2011-12-26 14:44:00 http://cron.market.test/upgoods.php...success
2011-12-26 14:44:00 http://cron.market.test/upgoods.php...success
2011-12-26 14:44:00 http://cron.market.test/upgoods.php...success
2011-12-26 14:44:00 http://cron.market.test/upgoods.php...success
2011-12-26 14:44:00 http://cron.market.test/upgoods.php...success
2011-12-26 14:44:00 http://cron.market.test/upgoods.php...success
2011-12-26 14:44:00 http://cron.market.test/upgoods.php...success
2011-12-26 14:44:00 http://cron.market.test/upgoods.php...success
2011-12-26 14:44:00 http://cron.market.test/upgoods.php...success
2011-12-26 14:44:00 http://cron.market.test/upgoods.php...success
2011-12-26 14:44:00 http://cron.market.test/upgoods.php...success
2011-12-26 14:44:00 http://cron.market.test/upgoods.php...success
2011-12-26 14:44:00 http://cron.market.test/upgoods.php...success
2011-12-26 14:44:00 http://cron.market.test/upgoods.php...success
2011-12-26 14:44:00 http://cron.market.test/upgoods.php...success
2011-12-26 14:44:00 http://cron.market.test/upgoods.php...success
2011-12-26 14:44:00 http://cron.market.test/upgoods.php...success
2011-12-26 14:44:00 http://cron.market.test/upgoods.php...success
2011-12-26 14:44:00 http://cron.market.test/upgoods.php...success
2011-12-26 14:44:00 http://cron.market.test/upgoods.php...success
2011-12-26 14:44:00 http://cron.market.test/upgoods.php...success
2011-12-26 14:44:00 http://cron.market.test/upgoods.php...success
2011-12-26 14:44:00 http://cron.market.test/upgoods.php...success
2011-12-26 14:44:00 http://cron.market.test/upgoods.php...success
2011-12-26 14:44:00 http://cron.market.test/upgoods.php...success
2011-12-26 14:44:00 http://cron.market.test/upgoods.php...success
2011-12-26 14:44:00 http://cron.market.test/upgoods.php...success
2011-12-26 14:44:00 http://cron.market.test/upgoods.php...success
2011-12-26 14:44:00 http://cron.market.test/upgoods.php...success
2011-12-26 14:44:00 http://cron.market.test/upgoods.php...success
2011-12-26 14:44:00 http://cron.market.test/upgoods.php...success
2011-12-26 14:44:00 http://cron.market.test/upgoods.php...success
2011-12-26 14:44:00 http://cron.market.test/upgoods.php...success
2011-12-26 14:44:00 http://cron.market.test/upgoods.php...success
2011-12-26 14:44:03 http://localhost/test.php...success
2011-12-26 14:45:00 http://cron.market.test/upgoods.php...success
2011-12-26 14:45:00 http://cron.market.test/upgoods.php...success
2011-12-26 14:45:00 http://cron.market.test/upgoods.php...success
2011-12-26 14:45:00 http://cron.market.test/upgoods.php...success
2011-12-26 14:45:00 http://cron.market.test/upgoods.php...success
2011-12-26 14:45:00 http://cron.market.test/upgoods.php...success
2011-12-26 14:45:00 http://cron.market.test/upgoods.php...success
2011-12-26 14:45:00 http://cron.market.test/upgoods.php...success
2011-12-26 14:45:00 http://cron.market.test/upgoods.php...success
2011-12-26 14:45:00 http://cron.market.test/upgoods.php...success
2011-12-26 14:45:00 http://cron.market.test/upgoods.php...success
2011-12-26 14:45:00 http://cron.market.test/upgoods.php...success
2011-12-26 14:45:00 http://cron.market.test/upgoods.php...success
2011-12-26 14:45:00 http://cron.market.test/upgoods.php...success
2011-12-26 14:45:00 http://cron.market.test/upgoods.php...success
2011-12-26 14:45:00 http://cron.market.test/upgoods.php...success
2011-12-26 14:45:00 http://cron.market.test/upgoods.php...success
2011-12-26 14:45:00 http://cron.market.test/upgoods.php...success
2011-12-26 14:45:00 http://cron.market.test/upgoods.php...success
2011-12-26 14:45:00 http://cron.market.test/upgoods.php...success
2011-12-26 14:45:00 http://cron.market.test/upgoods.php...success
2011-12-26 14:45:00 http://cron.market.test/upgoods.php...success
2011-12-26 14:45:00 http://cron.market.test/upgoods.php...success
2011-12-26 14:45:00 http://cron.market.test/upgoods.php...success
2011-12-26 14:45:00 http://cron.market.test/upgoods.php...success
2011-12-26 14:45:00 http://cron.market.test/upgoods.php...success
2011-12-26 14:45:00 http://cron.market.test/upgoods.php...success
2011-12-26 14:45:00 http://cron.market.test/upgoods.php...success
2011-12-26 14:45:00 http://cron.market.test/upgoods.php...success
2011-12-26 14:45:00 http://cron.market.test/upgoods.php...success
2011-12-26 14:45:00 http://cron.market.test/upgoods.php...success
2011-12-26 14:45:00 http://cron.market.test/upgoods.php...success
2011-12-26 14:45:00 http://cron.market.test/upgoods.php...success
2011-12-26 14:45:00 http://cron.market.test/upgoods.php...success
2011-12-26 14:45:00 http://cron.market.test/upgoods.php...success
2011-12-26 14:45:00 http://cron.market.test/upgoods.php...success
2011-12-26 14:45:00 http://cron.market.test/upgoods.php...success
2011-12-26 14:45:00 http://cron.market.test/upgoods.php...success
2011-12-26 14:45:00 http://cron.market.test/upgoods.php...success
2011-12-26 14:45:00 http://cron.market.test/upgoods.php...success
2011-12-26 14:45:00 http://cron.market.test/upgoods.php...success
2011-12-26 14:45:00 http://cron.market.test/upgoods.php...success
2011-12-26 14:45:00 http://cron.market.test/upgoods.php...success
2011-12-26 14:45:00 http://cron.market.test/upgoods.php...success
2011-12-26 14:45:00 http://cron.market.test/upgoods.php...success
2011-12-26 14:45:00 http://cron.market.test/upgoods.php...success
2011-12-26 14:45:00 http://cron.market.test/upgoods.php...success
2011-12-26 14:45:00 http://cron.market.test/upgoods.php...success
2011-12-26 14:45:00 http://cron.market.test/upgoods.php...success
2011-12-26 14:45:03 http://localhost/test.php...success
2011-12-26 14:46:00 http://cron.market.test/upgoods.php...success
2011-12-26 14:46:00 http://cron.market.test/upgoods.php...success
2011-12-26 14:46:00 http://cron.market.test/upgoods.php...success
2011-12-26 14:46:00 http://cron.market.test/upgoods.php...success
2011-12-26 14:46:00 http://cron.market.test/upgoods.php...success
2011-12-26 14:46:00 http://cron.market.test/upgoods.php...success
2011-12-26 14:46:00 http://cron.market.test/upgoods.php...success
2011-12-26 14:46:00 http://cron.market.test/upgoods.php...success
2011-12-26 14:46:00 http://cron.market.test/upgoods.php...success
2011-12-26 14:46:00 http://cron.market.test/upgoods.php...success
2011-12-26 14:46:00 http://cron.market.test/upgoods.php...success
2011-12-26 14:46:00 http://cron.market.test/upgoods.php...success
2011-12-26 14:46:00 http://cron.market.test/upgoods.php...success
2011-12-26 14:46:00 http://cron.market.test/upgoods.php...success
2011-12-26 14:46:00 http://cron.market.test/upgoods.php...success
2011-12-26 14:46:00 http://cron.market.test/upgoods.php...success
2011-12-26 14:46:00 http://cron.market.test/upgoods.php...success
2011-12-26 14:46:00 http://cron.market.test/upgoods.php...success
2011-12-26 14:46:00 http://cron.market.test/upgoods.php...success
2011-12-26 14:46:00 http://cron.market.test/upgoods.php...success
2011-12-26 14:46:00 http://cron.market.test/upgoods.php...success
2011-12-26 14:46:00 http://cron.market.test/upgoods.php...success
2011-12-26 14:46:00 http://cron.market.test/upgoods.php...success
2011-12-26 14:46:00 http://cron.market.test/upgoods.php...success
2011-12-26 14:46:00 http://cron.market.test/upgoods.php...success
2011-12-26 14:46:00 http://cron.market.test/upgoods.php...success
2011-12-26 14:46:00 http://cron.market.test/upgoods.php...success
2011-12-26 14:46:00 http://cron.market.test/upgoods.php...success
2011-12-26 14:46:00 http://cron.market.test/upgoods.php...success
2011-12-26 14:46:00 http://cron.market.test/upgoods.php...success
2011-12-26 14:46:00 http://cron.market.test/upgoods.php...success
2011-12-26 14:46:00 http://cron.market.test/upgoods.php...success
2011-12-26 14:46:00 http://cron.market.test/upgoods.php...success
2011-12-26 14:46:00 http://cron.market.test/upgoods.php...success
2011-12-26 14:46:00 http://cron.market.test/upgoods.php...success
2011-12-26 14:46:00 http://cron.market.test/upgoods.php...success
2011-12-26 14:46:00 http://cron.market.test/upgoods.php...success
2011-12-26 14:46:00 http://cron.market.test/upgoods.php...success
2011-12-26 14:46:00 http://cron.market.test/upgoods.php...success
2011-12-26 14:46:00 http://cron.market.test/upgoods.php...success
2011-12-26 14:46:00 http://cron.market.test/upgoods.php...success
2011-12-26 14:46:00 http://cron.market.test/upgoods.php...success
2011-12-26 14:46:00 http://cron.market.test/upgoods.php...success
2011-12-26 14:46:00 http://cron.market.test/upgoods.php...success
2011-12-26 14:46:00 http://cron.market.test/upgoods.php...success
2011-12-26 14:46:00 http://cron.market.test/upgoods.php...success
2011-12-26 14:46:00 http://cron.market.test/upgoods.php...success
2011-12-26 14:46:00 http://cron.market.test/upgoods.php...success
2011-12-26 14:46:00 http://cron.market.test/upgoods.php...success
2011-12-26 14:46:03 http://localhost/test.php...success
2011-12-26 14:47:00 http://cron.market.test/upgoods.php...success
2011-12-26 14:47:00 http://cron.market.test/upgoods.php...success
2011-12-26 14:47:00 http://cron.market.test/upgoods.php...success
2011-12-26 14:47:00 http://cron.market.test/upgoods.php...success
2011-12-26 14:47:00 http://cron.market.test/upgoods.php...success
2011-12-26 14:47:00 http://cron.market.test/upgoods.php...success
2011-12-26 14:47:00 http://cron.market.test/upgoods.php...success
2011-12-26 14:47:00 http://cron.market.test/upgoods.php...success
2011-12-26 14:47:00 http://cron.market.test/upgoods.php...success
2011-12-26 14:47:00 http://cron.market.test/upgoods.php...success
2011-12-26 14:47:00 http://cron.market.test/upgoods.php...success
2011-12-26 14:47:00 http://cron.market.test/upgoods.php...success
2011-12-26 14:47:00 http://cron.market.test/upgoods.php...success
2011-12-26 14:47:00 http://cron.market.test/upgoods.php...success
2011-12-26 14:47:00 http://cron.market.test/upgoods.php...success
2011-12-26 14:47:00 http://cron.market.test/upgoods.php...success
2011-12-26 14:47:00 http://cron.market.test/upgoods.php...success
2011-12-26 14:47:00 http://cron.market.test/upgoods.php...success
2011-12-26 14:47:00 http://cron.market.test/upgoods.php...success
2011-12-26 14:47:00 http://cron.market.test/upgoods.php...success
2011-12-26 14:47:00 http://cron.market.test/upgoods.php...success
2011-12-26 14:47:00 http://cron.market.test/upgoods.php...success
2011-12-26 14:47:00 http://cron.market.test/upgoods.php...success
2011-12-26 14:47:00 http://cron.market.test/upgoods.php...success
2011-12-26 14:47:00 http://cron.market.test/upgoods.php...success
2011-12-26 14:47:00 http://cron.market.test/upgoods.php...success
2011-12-26 14:47:00 http://cron.market.test/upgoods.php...success
2011-12-26 14:47:00 http://cron.market.test/upgoods.php...success
2011-12-26 14:47:00 http://cron.market.test/upgoods.php...success
2011-12-26 14:47:00 http://cron.market.test/upgoods.php...success
2011-12-26 14:47:00 http://cron.market.test/upgoods.php...success
2011-12-26 14:47:00 http://cron.market.test/upgoods.php...success
2011-12-26 14:47:00 http://cron.market.test/upgoods.php...success
2011-12-26 14:47:00 http://cron.market.test/upgoods.php...success
2011-12-26 14:47:00 http://cron.market.test/upgoods.php...success
2011-12-26 14:47:00 http://cron.market.test/upgoods.php...success
2011-12-26 14:47:00 http://cron.market.test/upgoods.php...success
2011-12-26 14:47:00 http://cron.market.test/upgoods.php...success
2011-12-26 14:47:00 http://cron.market.test/upgoods.php...success
2011-12-26 14:47:00 http://cron.market.test/upgoods.php...success
2011-12-26 14:47:00 http://cron.market.test/upgoods.php...success
2011-12-26 14:47:00 http://cron.market.test/upgoods.php...success
2011-12-26 14:47:00 http://cron.market.test/upgoods.php...success
2011-12-26 14:47:00 http://cron.market.test/upgoods.php...success
2011-12-26 14:47:00 http://cron.market.test/upgoods.php...success
2011-12-26 14:47:00 http://cron.market.test/upgoods.php...success
2011-12-26 14:47:00 http://cron.market.test/upgoods.php...success
2011-12-26 14:47:00 http://cron.market.test/upgoods.php...success
2011-12-26 14:47:00 http://cron.market.test/upgoods.php...success
2011-12-26 14:47:01 load 58 tasks from mysql.
2011-12-26 14:47:03 http://localhost/test.php...success
2011-12-26 14:48:00 http://cron.market.test/upgoods.php...success
2011-12-26 14:48:00 http://cron.market.test/upgoods.php...success
2011-12-26 14:48:00 http://cron.market.test/upgoods.php...success
2011-12-26 14:48:00 http://cron.market.test/upgoods.php...success
2011-12-26 14:48:00 http://cron.market.test/upgoods.php...success
2011-12-26 14:48:00 http://cron.market.test/upgoods.php...success
2011-12-26 14:48:00 http://cron.market.test/upgoods.php...success
2011-12-26 14:48:00 http://cron.market.test/upgoods.php...success
2011-12-26 14:48:00 http://cron.market.test/upgoods.php...success
2011-12-26 14:48:00 http://cron.market.test/upgoods.php...success
2011-12-26 14:48:00 http://cron.market.test/upgoods.php...success
2011-12-26 14:48:00 http://cron.market.test/upgoods.php...success
2011-12-26 14:48:00 http://cron.market.test/upgoods.php...success
2011-12-26 14:48:00 http://cron.market.test/upgoods.php...success
2011-12-26 14:48:00 http://cron.market.test/upgoods.php...success
2011-12-26 14:48:00 http://cron.market.test/upgoods.php...success
2011-12-26 14:48:00 http://cron.market.test/upgoods.php...success
2011-12-26 14:48:00 http://cron.market.test/upgoods.php...success
2011-12-26 14:48:00 http://cron.market.test/upgoods.php...success
2011-12-26 14:48:00 http://cron.market.test/upgoods.php...success
2011-12-26 14:48:00 http://cron.market.test/upgoods.php...success
2011-12-26 14:48:00 http://cron.market.test/upgoods.php...success
2011-12-26 14:48:00 http://cron.market.test/upgoods.php...success
2011-12-26 14:48:00 http://cron.market.test/upgoods.php...success
2011-12-26 14:48:00 http://cron.market.test/upgoods.php...success
2011-12-26 14:48:00 http://cron.market.test/upgoods.php...success
2011-12-26 14:48:00 http://cron.market.test/upgoods.php...success
2011-12-26 14:48:00 http://cron.market.test/upgoods.php...success
2011-12-26 14:48:00 http://cron.market.test/upgoods.php...success
2011-12-26 14:48:00 http://cron.market.test/upgoods.php...success
2011-12-26 14:48:00 http://cron.market.test/upgoods.php...success
2011-12-26 14:48:00 http://cron.market.test/upgoods.php...success
2011-12-26 14:48:00 http://cron.market.test/upgoods.php...success
2011-12-26 14:48:00 http://cron.market.test/upgoods.php...success
2011-12-26 14:48:00 http://cron.market.test/upgoods.php...success
2011-12-26 14:48:00 http://cron.market.test/upgoods.php...success
2011-12-26 14:48:00 http://cron.market.test/upgoods.php...success
2011-12-26 14:48:00 http://cron.market.test/upgoods.php...success
2011-12-26 14:48:00 http://cron.market.test/upgoods.php...success
2011-12-26 14:48:00 http://cron.market.test/upgoods.php...success
2011-12-26 14:48:00 http://cron.market.test/upgoods.php...success
2011-12-26 14:48:00 http://cron.market.test/upgoods.php...success
2011-12-26 14:48:00 http://cron.market.test/upgoods.php...success
2011-12-26 14:48:00 http://cron.market.test/upgoods.php...success
2011-12-26 14:48:00 http://cron.market.test/upgoods.php...success
2011-12-26 14:48:00 http://cron.market.test/upgoods.php...success
2011-12-26 14:48:00 http://cron.market.test/upgoods.php...success
2011-12-26 14:48:00 http://cron.market.test/upgoods.php...success
2011-12-26 14:48:00 http://cron.market.test/upgoods.php...success
2011-12-26 14:48:03 http://localhost/test.php...success
2011-12-26 14:49:00 http://cron.market.test/upgoods.php...success
2011-12-26 14:49:00 http://cron.market.test/upgoods.php...success
2011-12-26 14:49:00 http://cron.market.test/upgoods.php...success
2011-12-26 14:49:00 http://cron.market.test/upgoods.php...success
2011-12-26 14:49:00 http://cron.market.test/upgoods.php...success
2011-12-26 14:49:00 http://cron.market.test/upgoods.php...success
2011-12-26 14:49:00 http://cron.market.test/upgoods.php...success
2011-12-26 14:49:00 http://cron.market.test/upgoods.php...success
2011-12-26 14:49:00 http://cron.market.test/upgoods.php...success
2011-12-26 14:49:00 http://cron.market.test/upgoods.php...success
2011-12-26 14:49:00 http://cron.market.test/upgoods.php...success
2011-12-26 14:49:00 http://cron.market.test/upgoods.php...success
2011-12-26 14:49:00 http://cron.market.test/upgoods.php...success
2011-12-26 14:49:00 http://cron.market.test/upgoods.php...success
2011-12-26 14:49:00 http://cron.market.test/upgoods.php...success
2011-12-26 14:49:00 http://cron.market.test/upgoods.php...success
2011-12-26 14:49:00 http://cron.market.test/upgoods.php...success
2011-12-26 14:49:00 http://cron.market.test/upgoods.php...success
2011-12-26 14:49:00 http://cron.market.test/upgoods.php...success
2011-12-26 14:49:00 http://cron.market.test/upgoods.php...success
2011-12-26 14:49:00 http://cron.market.test/upgoods.php...success
2011-12-26 14:49:00 http://cron.market.test/upgoods.php...success
2011-12-26 14:49:00 http://cron.market.test/upgoods.php...success
2011-12-26 14:49:00 http://cron.market.test/upgoods.php...success
2011-12-26 14:49:00 http://cron.market.test/upgoods.php...success
2011-12-26 14:49:00 http://cron.market.test/upgoods.php...success
2011-12-26 14:49:00 http://cron.market.test/upgoods.php...success
2011-12-26 14:49:00 http://cron.market.test/upgoods.php...success
2011-12-26 14:49:00 http://cron.market.test/upgoods.php...success
2011-12-26 14:49:00 http://cron.market.test/upgoods.php...success
2011-12-26 14:49:00 http://cron.market.test/upgoods.php...success
2011-12-26 14:49:00 http://cron.market.test/upgoods.php...success
2011-12-26 14:49:00 http://cron.market.test/upgoods.php...success
2011-12-26 14:49:00 http://cron.market.test/upgoods.php...success
2011-12-26 14:49:00 http://cron.market.test/upgoods.php...success
2011-12-26 14:49:00 http://cron.market.test/upgoods.php...success
2011-12-26 14:49:00 http://cron.market.test/upgoods.php...success
2011-12-26 14:49:00 http://cron.market.test/upgoods.php...success
2011-12-26 14:49:00 http://cron.market.test/upgoods.php...success
2011-12-26 14:49:00 http://cron.market.test/upgoods.php...success
2011-12-26 14:49:00 http://cron.market.test/upgoods.php...success
2011-12-26 14:49:00 http://cron.market.test/upgoods.php...success
2011-12-26 14:49:00 http://cron.market.test/upgoods.php...success
2011-12-26 14:49:00 http://cron.market.test/upgoods.php...success
2011-12-26 14:49:00 http://cron.market.test/upgoods.php...success
2011-12-26 14:49:00 http://cron.market.test/upgoods.php...success
2011-12-26 14:49:00 http://cron.market.test/upgoods.php...success
2011-12-26 14:49:00 http://cron.market.test/upgoods.php...success
2011-12-26 14:49:00 http://cron.market.test/upgoods.php...success
2011-12-26 14:49:03 http://localhost/test.php...success
2011-12-26 14:50:00 http://cron.market.test/upgoods.php...success
2011-12-26 14:50:00 http://cron.market.test/upgoods.php...success
2011-12-26 14:50:00 http://cron.market.test/upgoods.php...success
2011-12-26 14:50:00 http://cron.market.test/upgoods.php...success
2011-12-26 14:50:00 http://cron.market.test/upgoods.php...success
2011-12-26 14:50:00 http://cron.market.test/upgoods.php...success
2011-12-26 14:50:00 http://cron.market.test/upgoods.php...success
2011-12-26 14:50:00 http://cron.market.test/upgoods.php...success
2011-12-26 14:50:00 http://cron.market.test/upgoods.php...success
2011-12-26 14:50:00 http://cron.market.test/upgoods.php...success
2011-12-26 14:50:00 http://cron.market.test/upgoods.php...success
2011-12-26 14:50:00 http://cron.market.test/upgoods.php...success
2011-12-26 14:50:00 http://cron.market.test/upgoods.php...success
2011-12-26 14:50:00 http://cron.market.test/upgoods.php...success
2011-12-26 14:50:00 http://cron.market.test/upgoods.php...success
2011-12-26 14:50:00 http://cron.market.test/upgoods.php...success
2011-12-26 14:50:00 http://cron.market.test/upgoods.php...success
2011-12-26 14:50:00 http://cron.market.test/upgoods.php...success
2011-12-26 14:50:00 http://cron.market.test/upgoods.php...success
2011-12-26 14:50:00 http://cron.market.test/upgoods.php...success
2011-12-26 14:50:00 http://cron.market.test/upgoods.php...success
2011-12-26 14:50:00 http://cron.market.test/upgoods.php...success
2011-12-26 14:50:00 http://cron.market.test/upgoods.php...success
2011-12-26 14:50:00 http://cron.market.test/upgoods.php...success
2011-12-26 14:50:00 http://cron.market.test/upgoods.php...success
2011-12-26 14:50:00 http://cron.market.test/upgoods.php...success
2011-12-26 14:50:00 http://cron.market.test/upgoods.php...success
2011-12-26 14:50:00 http://cron.market.test/upgoods.php...success
2011-12-26 14:50:00 http://cron.market.test/upgoods.php...success
2011-12-26 14:50:00 http://cron.market.test/upgoods.php...success
2011-12-26 14:50:00 http://cron.market.test/upgoods.php...success
2011-12-26 14:50:00 http://cron.market.test/upgoods.php...success
2011-12-26 14:50:00 http://cron.market.test/upgoods.php...success
2011-12-26 14:50:00 http://cron.market.test/upgoods.php...success
2011-12-26 14:50:00 http://cron.market.test/upgoods.php...success
2011-12-26 14:50:00 http://cron.market.test/upgoods.php...success
2011-12-26 14:50:00 http://cron.market.test/upgoods.php...success
2011-12-26 14:50:00 http://cron.market.test/upgoods.php...success
2011-12-26 14:50:00 http://cron.market.test/upgoods.php...success
2011-12-26 14:50:00 http://cron.market.test/upgoods.php...success
2011-12-26 14:50:00 http://cron.market.test/upgoods.php...success
2011-12-26 14:50:00 http://cron.market.test/upgoods.php...success
2011-12-26 14:50:00 http://cron.market.test/upgoods.php...success
2011-12-26 14:50:00 http://cron.market.test/upgoods.php...success
2011-12-26 14:50:00 http://cron.market.test/upgoods.php...success
2011-12-26 14:50:00 http://cron.market.test/upgoods.php...success
2011-12-26 14:50:00 http://cron.market.test/upgoods.php...success
2011-12-26 14:50:00 http://cron.market.test/upgoods.php...success
2011-12-26 14:50:00 http://cron.market.test/upgoods.php...success
2011-12-26 14:50:01 task list is null.
2011-12-26 14:50:01 load 58 tasks from mysql.
2011-12-26 14:51:00 http://cron.market.test/upgoods.php...success
2011-12-26 14:51:00 http://cron.market.test/upgoods.php...success
2011-12-26 14:51:00 http://cron.market.test/upgoods.php...success
2011-12-26 14:51:00 http://cron.market.test/upgoods.php...success
2011-12-26 14:51:00 http://cron.market.test/upgoods.php...success
2011-12-26 14:51:00 http://cron.market.test/upgoods.php...success
2011-12-26 14:51:00 http://cron.market.test/upgoods.php...success
2011-12-26 14:51:00 http://cron.market.test/upgoods.php...success
2011-12-26 14:51:00 http://cron.market.test/upgoods.php...success
2011-12-26 14:51:00 http://cron.market.test/upgoods.php...success
2011-12-26 14:51:00 http://cron.market.test/upgoods.php...success
2011-12-26 14:51:00 http://cron.market.test/upgoods.php...success
2011-12-26 14:51:00 http://cron.market.test/upgoods.php...success
2011-12-26 14:51:00 http://cron.market.test/upgoods.php...success
2011-12-26 14:51:00 http://cron.market.test/upgoods.php...success
2011-12-26 14:51:00 http://cron.market.test/upgoods.php...success
2011-12-26 14:51:00 http://cron.market.test/upgoods.php...success
2011-12-26 14:51:00 http://cron.market.test/upgoods.php...success
2011-12-26 14:51:00 http://cron.market.test/upgoods.php...success
2011-12-26 14:51:00 http://cron.market.test/upgoods.php...success
2011-12-26 14:51:00 http://cron.market.test/upgoods.php...success
2011-12-26 14:51:00 http://cron.market.test/upgoods.php...success
2011-12-26 14:51:00 http://cron.market.test/upgoods.php...success
2011-12-26 14:51:00 http://cron.market.test/upgoods.php...success
2011-12-26 14:51:00 http://cron.market.test/upgoods.php...success
2011-12-26 14:51:00 http://cron.market.test/upgoods.php...success
2011-12-26 14:51:00 http://cron.market.test/upgoods.php...success
2011-12-26 14:51:00 http://cron.market.test/upgoods.php...success
2011-12-26 14:51:00 http://cron.market.test/upgoods.php...success
2011-12-26 14:51:00 http://cron.market.test/upgoods.php...success
2011-12-26 14:51:00 http://cron.market.test/upgoods.php...success
2011-12-26 14:51:00 http://cron.market.test/upgoods.php...success
2011-12-26 14:51:00 http://cron.market.test/upgoods.php...success
2011-12-26 14:51:00 http://cron.market.test/upgoods.php...success
2011-12-26 14:51:00 http://cron.market.test/upgoods.php...success
2011-12-26 14:51:00 http://cron.market.test/upgoods.php...success
2011-12-26 14:51:00 http://cron.market.test/upgoods.php...success
2011-12-26 14:51:00 http://cron.market.test/upgoods.php...success
2011-12-26 14:51:00 http://cron.market.test/upgoods.php...success
2011-12-26 14:51:00 http://cron.market.test/upgoods.php...success
2011-12-26 14:51:00 http://cron.market.test/upgoods.php...success
2011-12-26 14:51:00 http://cron.market.test/upgoods.php...success
2011-12-26 14:51:00 http://cron.market.test/upgoods.php...success
2011-12-26 14:51:00 http://cron.market.test/upgoods.php...success
2011-12-26 14:51:00 http://cron.market.test/upgoods.php...success
2011-12-26 14:51:00 http://cron.market.test/upgoods.php...success
2011-12-26 14:51:00 http://cron.market.test/upgoods.php...success
2011-12-26 14:51:00 http://cron.market.test/upgoods.php...success
2011-12-26 14:51:00 http://cron.market.test/upgoods.php...success
2011-12-26 14:51:03 http://localhost/test.php...success
2011-12-26 14:52:00 http://cron.market.test/upgoods.php...success
2011-12-26 14:52:00 http://cron.market.test/upgoods.php...success
2011-12-26 14:52:00 http://cron.market.test/upgoods.php...success
2011-12-26 14:52:00 http://cron.market.test/upgoods.php...success
2011-12-26 14:52:00 http://cron.market.test/upgoods.php...success
2011-12-26 14:52:00 http://cron.market.test/upgoods.php...success
2011-12-26 14:52:00 http://cron.market.test/upgoods.php...success
2011-12-26 14:52:00 http://cron.market.test/upgoods.php...success
2011-12-26 14:52:00 http://cron.market.test/upgoods.php...success
2011-12-26 14:52:00 http://cron.market.test/upgoods.php...success
2011-12-26 14:52:00 http://cron.market.test/upgoods.php...success
2011-12-26 14:52:00 http://cron.market.test/upgoods.php...success
2011-12-26 14:52:00 http://cron.market.test/upgoods.php...success
2011-12-26 14:52:00 http://cron.market.test/upgoods.php...success
2011-12-26 14:52:00 http://cron.market.test/upgoods.php...success
2011-12-26 14:52:00 http://cron.market.test/upgoods.php...success
2011-12-26 14:52:00 http://cron.market.test/upgoods.php...success
2011-12-26 14:52:00 http://cron.market.test/upgoods.php...success
2011-12-26 14:52:00 http://cron.market.test/upgoods.php...success
2011-12-26 14:52:00 http://cron.market.test/upgoods.php...success
2011-12-26 14:52:00 http://cron.market.test/upgoods.php...success
2011-12-26 14:52:00 http://cron.market.test/upgoods.php...success
2011-12-26 14:52:00 http://cron.market.test/upgoods.php...success
2011-12-26 14:52:00 http://cron.market.test/upgoods.php...success
2011-12-26 14:52:00 http://cron.market.test/upgoods.php...success
2011-12-26 14:52:00 http://cron.market.test/upgoods.php...success
2011-12-26 14:52:00 http://cron.market.test/upgoods.php...success
2011-12-26 14:52:00 http://cron.market.test/upgoods.php...success
2011-12-26 14:52:00 http://cron.market.test/upgoods.php...success
2011-12-26 14:52:00 http://cron.market.test/upgoods.php...success
2011-12-26 14:52:00 http://cron.market.test/upgoods.php...success
2011-12-26 14:52:00 http://cron.market.test/upgoods.php...success
2011-12-26 14:52:00 http://cron.market.test/upgoods.php...success
2011-12-26 14:52:00 http://cron.market.test/upgoods.php...success
2011-12-26 14:52:00 http://cron.market.test/upgoods.php...success
2011-12-26 14:52:00 http://cron.market.test/upgoods.php...success
2011-12-26 14:52:00 http://cron.market.test/upgoods.php...success
2011-12-26 14:52:00 http://cron.market.test/upgoods.php...success
2011-12-26 14:52:00 http://cron.market.test/upgoods.php...success
2011-12-26 14:52:00 http://cron.market.test/upgoods.php...success
2011-12-26 14:52:00 http://cron.market.test/upgoods.php...success
2011-12-26 14:52:00 http://cron.market.test/upgoods.php...success
2011-12-26 14:52:00 http://cron.market.test/upgoods.php...success
2011-12-26 14:52:00 http://cron.market.test/upgoods.php...success
2011-12-26 14:52:00 http://cron.market.test/upgoods.php...success
2011-12-26 14:52:00 http://cron.market.test/upgoods.php...success
2011-12-26 14:52:00 http://cron.market.test/upgoods.php...success
2011-12-26 14:52:00 http://cron.market.test/upgoods.php...success
2011-12-26 14:52:00 http://cron.market.test/upgoods.php...success
2011-12-26 14:52:03 http://localhost/test.php...success
2011-12-26 14:53:00 http://cron.market.test/upgoods.php...success
2011-12-26 14:53:00 http://cron.market.test/upgoods.php...success
2011-12-26 14:53:00 http://cron.market.test/upgoods.php...success
2011-12-26 14:53:00 http://cron.market.test/upgoods.php...success
2011-12-26 14:53:00 http://cron.market.test/upgoods.php...success
2011-12-26 14:53:00 http://cron.market.test/upgoods.php...success
2011-12-26 14:53:00 http://cron.market.test/upgoods.php...success
2011-12-26 14:53:00 http://cron.market.test/upgoods.php...success
2011-12-26 14:53:00 http://cron.market.test/upgoods.php...success
2011-12-26 14:53:00 http://cron.market.test/upgoods.php...success
2011-12-26 14:53:00 http://cron.market.test/upgoods.php...success
2011-12-26 14:53:00 http://cron.market.test/upgoods.php...success
2011-12-26 14:53:00 http://cron.market.test/upgoods.php...success
2011-12-26 14:53:00 http://cron.market.test/upgoods.php...success
2011-12-26 14:53:00 http://cron.market.test/upgoods.php...success
2011-12-26 14:53:00 http://cron.market.test/upgoods.php...success
2011-12-26 14:53:00 http://cron.market.test/upgoods.php...success
2011-12-26 14:53:00 http://cron.market.test/upgoods.php...success
2011-12-26 14:53:00 http://cron.market.test/upgoods.php...success
2011-12-26 14:53:00 http://cron.market.test/upgoods.php...success
2011-12-26 14:53:00 http://cron.market.test/upgoods.php...success
2011-12-26 14:53:00 http://cron.market.test/upgoods.php...success
2011-12-26 14:53:00 http://cron.market.test/upgoods.php...success
2011-12-26 14:53:00 http://cron.market.test/upgoods.php...success
2011-12-26 14:53:00 http://cron.market.test/upgoods.php...success
2011-12-26 14:53:00 http://cron.market.test/upgoods.php...success
2011-12-26 14:53:00 http://cron.market.test/upgoods.php...success
2011-12-26 14:53:00 http://cron.market.test/upgoods.php...success
2011-12-26 14:53:00 http://cron.market.test/upgoods.php...success
2011-12-26 14:53:00 http://cron.market.test/upgoods.php...success
2011-12-26 14:53:00 http://cron.market.test/upgoods.php...success
2011-12-26 14:53:00 http://cron.market.test/upgoods.php...success
2011-12-26 14:53:00 http://cron.market.test/upgoods.php...success
2011-12-26 14:53:00 http://cron.market.test/upgoods.php...success
2011-12-26 14:53:00 http://cron.market.test/upgoods.php...success
2011-12-26 14:53:00 http://cron.market.test/upgoods.php...success
2011-12-26 14:53:00 http://cron.market.test/upgoods.php...success
2011-12-26 14:53:00 http://cron.market.test/upgoods.php...success
2011-12-26 14:53:00 http://cron.market.test/upgoods.php...success
2011-12-26 14:53:00 http://cron.market.test/upgoods.php...success
2011-12-26 14:53:00 http://cron.market.test/upgoods.php...success
2011-12-26 14:53:00 http://cron.market.test/upgoods.php...success
2011-12-26 14:53:00 http://cron.market.test/upgoods.php...success
2011-12-26 14:53:00 http://cron.market.test/upgoods.php...success
2011-12-26 14:53:00 http://cron.market.test/upgoods.php...success
2011-12-26 14:53:00 http://cron.market.test/upgoods.php...success
2011-12-26 14:53:00 http://cron.market.test/upgoods.php...success
2011-12-26 14:53:00 http://cron.market.test/upgoods.php...success
2011-12-26 14:53:00 http://cron.market.test/upgoods.php...success
2011-12-26 14:53:03 http://localhost/test.php...success
2011-12-26 14:54:00 task list is null.
2011-12-26 14:54:00 load 58 tasks from mysql.
2011-12-26 14:55:00 http://cron.market.test/upgoods.php...success
2011-12-26 14:55:00 http://cron.market.test/upgoods.php...success
2011-12-26 14:55:00 http://cron.market.test/upgoods.php...success
2011-12-26 14:55:00 http://cron.market.test/upgoods.php...success
2011-12-26 14:55:00 http://cron.market.test/upgoods.php...success
2011-12-26 14:55:00 http://cron.market.test/upgoods.php...success
2011-12-26 14:55:00 http://cron.market.test/upgoods.php...success
2011-12-26 14:55:00 http://cron.market.test/upgoods.php...success
2011-12-26 14:55:00 http://cron.market.test/upgoods.php...success
2011-12-26 14:55:00 http://cron.market.test/upgoods.php...success
2011-12-26 14:55:00 http://cron.market.test/upgoods.php...success
2011-12-26 14:55:00 http://cron.market.test/upgoods.php...success
2011-12-26 14:55:00 http://cron.market.test/upgoods.php...success
2011-12-26 14:55:00 http://cron.market.test/upgoods.php...success
2011-12-26 14:55:00 http://cron.market.test/upgoods.php...success
2011-12-26 14:55:00 http://cron.market.test/upgoods.php...success
2011-12-26 14:55:00 http://cron.market.test/upgoods.php...success
2011-12-26 14:55:00 http://cron.market.test/upgoods.php...success
2011-12-26 14:55:00 http://cron.market.test/upgoods.php...success
2011-12-26 14:55:00 http://cron.market.test/upgoods.php...success
2011-12-26 14:55:00 http://cron.market.test/upgoods.php...success
2011-12-26 14:55:00 http://cron.market.test/upgoods.php...success
2011-12-26 14:55:00 http://cron.market.test/upgoods.php...success
2011-12-26 14:55:00 http://cron.market.test/upgoods.php...success
2011-12-26 14:55:00 http://cron.market.test/upgoods.php...success
2011-12-26 14:55:00 http://cron.market.test/upgoods.php...success
2011-12-26 14:55:00 http://cron.market.test/upgoods.php...success
2011-12-26 14:55:00 http://cron.market.test/upgoods.php...success
2011-12-26 14:55:00 http://cron.market.test/upgoods.php...success
2011-12-26 14:55:00 http://cron.market.test/upgoods.php...success
2011-12-26 14:55:00 http://cron.market.test/upgoods.php...success
2011-12-26 14:55:00 http://cron.market.test/upgoods.php...success
2011-12-26 14:55:00 http://cron.market.test/upgoods.php...success
2011-12-26 14:55:00 http://cron.market.test/upgoods.php...success
2011-12-26 14:55:00 http://cron.market.test/upgoods.php...success
2011-12-26 14:55:00 http://cron.market.test/upgoods.php...success
2011-12-26 14:55:00 http://cron.market.test/upgoods.php...success
2011-12-26 14:55:00 http://cron.market.test/upgoods.php...success
2011-12-26 14:55:00 http://cron.market.test/upgoods.php...success
2011-12-26 14:55:00 http://cron.market.test/upgoods.php...success
2011-12-26 14:55:00 http://cron.market.test/upgoods.php...success
2011-12-26 14:55:00 http://cron.market.test/upgoods.php...success
2011-12-26 14:55:00 http://cron.market.test/upgoods.php...success
2011-12-26 14:55:00 http://cron.market.test/upgoods.php...success
2011-12-26 14:55:00 http://cron.market.test/upgoods.php...success
2011-12-26 14:55:00 http://cron.market.test/upgoods.php...success
2011-12-26 14:55:00 http://cron.market.test/upgoods.php...success
2011-12-26 14:55:00 http://cron.market.test/upgoods.php...success
2011-12-26 14:55:00 http://cron.market.test/upgoods.php...success
2011-12-26 14:55:03 http://localhost/test.php...success
2011-12-26 14:56:00 http://cron.market.test/upgoods.php...success
2011-12-26 14:56:00 http://cron.market.test/upgoods.php...success
2011-12-26 14:56:00 http://cron.market.test/upgoods.php...success
2011-12-26 14:56:00 http://cron.market.test/upgoods.php...success
2011-12-26 14:56:00 http://cron.market.test/upgoods.php...success
2011-12-26 14:56:00 http://cron.market.test/upgoods.php...success
2011-12-26 14:56:00 http://cron.market.test/upgoods.php...success
2011-12-26 14:56:00 http://cron.market.test/upgoods.php...success
2011-12-26 14:56:00 http://cron.market.test/upgoods.php...success
2011-12-26 14:56:00 http://cron.market.test/upgoods.php...success
2011-12-26 14:56:00 http://cron.market.test/upgoods.php...success
2011-12-26 14:56:00 http://cron.market.test/upgoods.php...success
2011-12-26 14:56:00 http://cron.market.test/upgoods.php...success
2011-12-26 14:56:00 http://cron.market.test/upgoods.php...success
2011-12-26 14:56:00 http://cron.market.test/upgoods.php...success
2011-12-26 14:56:00 http://cron.market.test/upgoods.php...success
2011-12-26 14:56:00 http://cron.market.test/upgoods.php...success
2011-12-26 14:56:00 http://cron.market.test/upgoods.php...success
2011-12-26 14:56:00 http://cron.market.test/upgoods.php...success
2011-12-26 14:56:00 http://cron.market.test/upgoods.php...success
2011-12-26 14:56:00 http://cron.market.test/upgoods.php...success
2011-12-26 14:56:00 http://cron.market.test/upgoods.php...success
2011-12-26 14:56:00 http://cron.market.test/upgoods.php...success
2011-12-26 14:56:00 http://cron.market.test/upgoods.php...success
2011-12-26 14:56:00 http://cron.market.test/upgoods.php...success
2011-12-26 14:56:00 http://cron.market.test/upgoods.php...success
2011-12-26 14:56:00 http://cron.market.test/upgoods.php...success
2011-12-26 14:56:00 http://cron.market.test/upgoods.php...success
2011-12-26 14:56:00 http://cron.market.test/upgoods.php...success
2011-12-26 14:56:00 http://cron.market.test/upgoods.php...success
2011-12-26 14:56:00 http://cron.market.test/upgoods.php...success
2011-12-26 14:56:00 http://cron.market.test/upgoods.php...success
2011-12-26 14:56:00 http://cron.market.test/upgoods.php...success
2011-12-26 14:56:00 http://cron.market.test/upgoods.php...success
2011-12-26 14:56:00 http://cron.market.test/upgoods.php...success
2011-12-26 14:56:00 http://cron.market.test/upgoods.php...success
2011-12-26 14:56:00 http://cron.market.test/upgoods.php...success
2011-12-26 14:56:00 http://cron.market.test/upgoods.php...success
2011-12-26 14:56:00 http://cron.market.test/upgoods.php...success
2011-12-26 14:56:00 http://cron.market.test/upgoods.php...success
2011-12-26 14:56:00 http://cron.market.test/upgoods.php...success
2011-12-26 14:56:00 http://cron.market.test/upgoods.php...success
2011-12-26 14:56:00 http://cron.market.test/upgoods.php...success
2011-12-26 14:56:00 http://cron.market.test/upgoods.php...success
2011-12-26 14:56:00 http://cron.market.test/upgoods.php...success
2011-12-26 14:56:00 http://cron.market.test/upgoods.php...success
2011-12-26 14:56:00 http://cron.market.test/upgoods.php...success
2011-12-26 14:56:00 http://cron.market.test/upgoods.php...success
2011-12-26 14:56:00 http://cron.market.test/upgoods.php...success
2011-12-26 14:56:03 http://localhost/test.php...success
2011-12-26 14:56:23 task list is null.
2011-12-26 14:56:23 load 58 tasks from mysql.
